{"D:\\RelaySoftware\\relay\\app\\api\\admin\\webhooks\\failed\\route.ts": {"path":"D:\\RelaySoftware\\relay\\app\\api\\admin\\webhooks\\failed\\route.ts","statementMap":{"0":{"start":{"line":26,"column":0},"end":{"line":26,"column":7}},"1":{"start":{"line":70,"column":0},"end":{"line":70,"column":7}},"2":{"start":{"line":152,"column":0},"end":{"line":152,"column":7}},"3":{"start":{"line":9,"column":0},"end":{"line":9,"column":56}},"4":{"start":{"line":10,"column":0},"end":{"line":10,"column":47}},"5":{"start":{"line":11,"column":0},"end":{"line":11,"column":36}},"6":{"start":{"line":12,"column":0},"end":{"line":12,"column":null}},"7":{"start":{"line":17,"column":0},"end":{"line":17,"column":51}},"8":{"start":{"line":18,"column":0},"end":{"line":18,"column":60}},"9":{"start":{"line":20,"column":13},"end":{"line":20,"column":39}},"10":{"start":{"line":27,"column":2},"end":{"line":63,"column":3}},"11":{"start":{"line":29,"column":23},"end":{"line":29,"column":48}},"12":{"start":{"line":30,"column":4},"end":{"line":32,"column":5}},"13":{"start":{"line":31,"column":6},"end":{"line":31,"column":75}},"14":{"start":{"line":35,"column":20},"end":{"line":35,"column":66}},"15":{"start":{"line":36,"column":4},"end":{"line":38,"column":5}},"16":{"start":{"line":37,"column":6},"end":{"line":37,"column":72}},"17":{"start":{"line":41,"column":29},"end":{"line":41,"column":45}},"18":{"start":{"line":42,"column":19},"end":{"line":42,"column":72}},"19":{"start":{"line":43,"column":19},"end":{"line":43,"column":105}},"20":{"start":{"line":44,"column":18},"end":{"line":44,"column":65}},"21":{"start":{"line":47,"column":27},"end":{"line":51,"column":6}},"22":{"start":{"line":53,"column":4},"end":{"line":56,"column":7}},"23":{"start":{"line":58,"column":4},"end":{"line":58,"column":54}},"24":{"start":{"line":59,"column":4},"end":{"line":62,"column":6}},"25":{"start":{"line":71,"column":2},"end":{"line":145,"column":3}},"26":{"start":{"line":73,"column":4},"end":{"line":76,"column":5}},"27":{"start":{"line":74,"column":6},"end":{"line":74,"column":62}},"28":{"start":{"line":75,"column":6},"end":{"line":75,"column":72}},"29":{"start":{"line":79,"column":23},"end":{"line":79,"column":48}},"30":{"start":{"line":80,"column":4},"end":{"line":82,"column":5}},"31":{"start":{"line":81,"column":6},"end":{"line":81,"column":75}},"32":{"start":{"line":85,"column":20},"end":{"line":85,"column":66}},"33":{"start":{"line":86,"column":4},"end":{"line":88,"column":5}},"34":{"start":{"line":87,"column":6},"end":{"line":87,"column":72}},"35":{"start":{"line":91,"column":17},"end":{"line":91,"column":33}},"36":{"start":{"line":92,"column":24},"end":{"line":92,"column":28}},"37":{"start":{"line":94,"column":4},"end":{"line":96,"column":5}},"38":{"start":{"line":95,"column":6},"end":{"line":95,"column":78}},"39":{"start":{"line":99,"column":21},"end":{"line":99,"column":78}},"40":{"start":{"line":100,"column":4},"end":{"line":102,"column":5}},"41":{"start":{"line":101,"column":6},"end":{"line":101,"column":78}},"42":{"start":{"line":104,"column":18},"end":{"line":104,"column":33}},"43":{"start":{"line":105,"column":4},"end":{"line":107,"column":5}},"44":{"start":{"line":106,"column":6},"end":{"line":106,"column":76}},"45":{"start":{"line":110,"column":22},"end":{"line":122,"column":5}},"46":{"start":{"line":111,"column":6},"end":{"line":121,"column":7}},"47":{"start":{"line":113,"column":41},"end":{"line":113,"column":88}},"48":{"start":{"line":114,"column":8},"end":{"line":114,"column":61}},"49":{"start":{"line":115,"column":13},"end":{"line":121,"column":7}},"50":{"start":{"line":117,"column":38},"end":{"line":117,"column":82}},"51":{"start":{"line":118,"column":8},"end":{"line":118,"column":58}},"52":{"start":{"line":120,"column":8},"end":{"line":120,"column":67}},"53":{"start":{"line":125,"column":20},"end":{"line":125,"column":64}},"54":{"start":{"line":127,"column":4},"end":{"line":138,"column":5}},"55":{"start":{"line":128,"column":6},"end":{"line":128,"column":63}},"56":{"start":{"line":129,"column":6},"end":{"line":132,"column":9}},"57":{"start":{"line":134,"column":6},"end":{"line":137,"column":26}},"58":{"start":{"line":140,"column":4},"end":{"line":140,"column":46}},"59":{"start":{"line":141,"column":4},"end":{"line":144,"column":6}},"60":{"start":{"line":153,"column":2},"end":{"line":188,"column":3}},"61":{"start":{"line":155,"column":4},"end":{"line":158,"column":5}},"62":{"start":{"line":156,"column":6},"end":{"line":156,"column":64}},"63":{"start":{"line":157,"column":6},"end":{"line":157,"column":72}},"64":{"start":{"line":161,"column":23},"end":{"line":161,"column":48}},"65":{"start":{"line":162,"column":4},"end":{"line":164,"column":5}},"66":{"start":{"line":163,"column":6},"end":{"line":163,"column":75}},"67":{"start":{"line":167,"column":20},"end":{"line":167,"column":66}},"68":{"start":{"line":168,"column":4},"end":{"line":170,"column":5}},"69":{"start":{"line":169,"column":6},"end":{"line":169,"column":72}},"70":{"start":{"line":173,"column":18},"end":{"line":173,"column":48}},"71":{"start":{"line":175,"column":4},"end":{"line":175,"column":62}},"72":{"start":{"line":177,"column":4},"end":{"line":181,"column":7}},"73":{"start":{"line":183,"column":4},"end":{"line":183,"column":50}},"74":{"start":{"line":184,"column":4},"end":{"line":187,"column":6}}},"fnMap":{"0":{"name":"GET","decl":{"start":{"line":26,"column":22},"end":{"line":26,"column":25}},"loc":{"start":{"line":26,"column":42},"end":{"line":64,"column":1}}},"1":{"name":"POST","decl":{"start":{"line":70,"column":22},"end":{"line":70,"column":26}},"loc":{"start":{"line":70,"column":43},"end":{"line":146,"column":1}}},"2":{"name":"(anonymous_11)","decl":{"start":{"line":110,"column":22},"end":{"line":110,"column":27}},"loc":{"start":{"line":110,"column":78},"end":{"line":122,"column":5}}},"3":{"name":"(anonymous_12)","decl":{"start":{"line":113,"column":41},"end":{"line":113,"column":54}},"loc":{"start":{"line":113,"column":41},"end":{"line":113,"column":88}}},"4":{"name":"(anonymous_13)","decl":{"start":{"line":117,"column":38},"end":{"line":117,"column":51}},"loc":{"start":{"line":117,"column":38},"end":{"line":117,"column":82}}},"5":{"name":"DELETE","decl":{"start":{"line":152,"column":22},"end":{"line":152,"column":28}},"loc":{"start":{"line":152,"column":45},"end":{"line":189,"column":1}}}},"branchMap":{"0":{"loc":{"start":{"line":30,"column":4},"end":{"line":32,"column":5}},"type":"if","locations":[{"start":{"line":30,"column":4},"end":{"line":32,"column":5}},{"start":{},"end":{}}]},"1":{"loc":{"start":{"line":36,"column":4},"end":{"line":38,"column":5}},"type":"if","locations":[{"start":{"line":36,"column":4},"end":{"line":38,"column":5}},{"start":{},"end":{}}]},"2":{"loc":{"start":{"line":36,"column":8},"end":{"line":36,"column":51}},"type":"binary-expr","locations":[{"start":{"line":36,"column":8},"end":{"line":36,"column":23}},{"start":{"line":36,"column":27},"end":{"line":36,"column":51}}]},"3":{"loc":{"start":{"line":44,"column":27},"end":{"line":44,"column":60}},"type":"binary-expr","locations":[{"start":{"line":44,"column":27},"end":{"line":44,"column":52}},{"start":{"line":44,"column":56},"end":{"line":44,"column":60}}]},"4":{"loc":{"start":{"line":48,"column":14},"end":{"line":48,"column":33}},"type":"binary-expr","locations":[{"start":{"line":48,"column":14},"end":{"line":48,"column":20}},{"start":{"line":48,"column":24},"end":{"line":48,"column":33}}]},"5":{"loc":{"start":{"line":49,"column":14},"end":{"line":49,"column":33}},"type":"binary-expr","locations":[{"start":{"line":49,"column":14},"end":{"line":49,"column":20}},{"start":{"line":49,"column":24},"end":{"line":49,"column":33}}]},"6":{"loc":{"start":{"line":73,"column":4},"end":{"line":76,"column":5}},"type":"if","locations":[{"start":{"line":73,"column":4},"end":{"line":76,"column":5}},{"start":{},"end":{}}]},"7":{"loc":{"start":{"line":80,"column":4},"end":{"line":82,"column":5}},"type":"if","locations":[{"start":{"line":80,"column":4},"end":{"line":82,"column":5}},{"start":{},"end":{}}]},"8":{"loc":{"start":{"line":86,"column":4},"end":{"line":88,"column":5}},"type":"if","locations":[{"start":{"line":86,"column":4},"end":{"line":88,"column":5}},{"start":{},"end":{}}]},"9":{"loc":{"start":{"line":86,"column":8},"end":{"line":86,"column":51}},"type":"binary-expr","locations":[{"start":{"line":86,"column":8},"end":{"line":86,"column":23}},{"start":{"line":86,"column":27},"end":{"line":86,"column":51}}]},"10":{"loc":{"start":{"line":94,"column":4},"end":{"line":96,"column":5}},"type":"if","locations":[{"start":{"line":94,"column":4},"end":{"line":96,"column":5}},{"start":{},"end":{}}]},"11":{"loc":{"start":{"line":100,"column":4},"end":{"line":102,"column":5}},"type":"if","locations":[{"start":{"line":100,"column":4},"end":{"line":102,"column":5}},{"start":{},"end":{}}]},"12":{"loc":{"start":{"line":105,"column":4},"end":{"line":107,"column":5}},"type":"if","locations":[{"start":{"line":105,"column":4},"end":{"line":107,"column":5}},{"start":{},"end":{}}]},"13":{"loc":{"start":{"line":111,"column":6},"end":{"line":121,"column":7}},"type":"if","locations":[{"start":{"line":111,"column":6},"end":{"line":121,"column":7}},{"start":{"line":115,"column":13},"end":{"line":121,"column":7}}]},"14":{"loc":{"start":{"line":115,"column":13},"end":{"line":121,"column":7}},"type":"if","locations":[{"start":{"line":115,"column":13},"end":{"line":121,"column":7}},{"start":{"line":119,"column":13},"end":{"line":121,"column":7}}]},"15":{"loc":{"start":{"line":127,"column":4},"end":{"line":138,"column":5}},"type":"if","locations":[{"start":{"line":127,"column":4},"end":{"line":138,"column":5}},{"start":{"line":133,"column":11},"end":{"line":138,"column":5}}]},"16":{"loc":{"start":{"line":142,"column":15},"end":{"line":142,"column":55}},"type":"binary-expr","locations":[{"start":{"line":142,"column":15},"end":{"line":142,"column":28}},{"start":{"line":142,"column":32},"end":{"line":142,"column":55}}]},"17":{"loc":{"start":{"line":155,"column":4},"end":{"line":158,"column":5}},"type":"if","locations":[{"start":{"line":155,"column":4},"end":{"line":158,"column":5}},{"start":{},"end":{}}]},"18":{"loc":{"start":{"line":162,"column":4},"end":{"line":164,"column":5}},"type":"if","locations":[{"start":{"line":162,"column":4},"end":{"line":164,"column":5}},{"start":{},"end":{}}]},"19":{"loc":{"start":{"line":168,"column":4},"end":{"line":170,"column":5}},"type":"if","locations":[{"start":{"line":168,"column":4},"end":{"line":170,"column":5}},{"start":{},"end":{}}]},"20":{"loc":{"start":{"line":168,"column":8},"end":{"line":168,"column":51}},"type":"binary-expr","locations":[{"start":{"line":168,"column":8},"end":{"line":168,"column":23}},{"start":{"line":168,"column":27},"end":{"line":168,"column":51}}]}},"s":{"0":0,"1":0,"2":0,"3":0,"4":0,"5":0,"6":0,"7":0,"8":0,"9":0,"10":0,"11":0,"12":0,"13":0,"14":0,"15":0,"16":0,"17":0,"18":0,"19":0,"20":0,"21":0,"22":0,"23":0,"24":0,"25":0,"26":0,"27":0,"28":0,"29":0,"30":0,"31":0,"32":0,"33":0,"34":0,"35":0,"36":0,"37":0,"38":0,"39":0,"40":0,"41":0,"42":0,"43":0,"44":0,"45":0,"46":0,"47":0,"48":0,"49":0,"50":0,"51":0,"52":0,"53":0,"54":0,"55":0,"56":0,"57":0,"58":0,"59":0,"60":0,"61":0,"62":0,"63":0,"64":0,"65":0,"66":0,"67":0,"68":0,"69":0,"70":0,"71":0,"72":0,"73":0,"74":0},"f":{"0":0,"1":0,"2":0,"3":0,"4":0,"5":0},"b":{"0":[0,0],"1":[0,0],"2":[0,0],"3":[0,0],"4":[0,0],"5":[0,0],"6":[0,0],"7":[0,0],"8":[0,0],"9":[0,0],"10":[0,0],"11":[0,0],"12":[0,0],"13":[0,0],"14":[0,0],"15":[0,0],"16":[0,0],"17":[0,0],"18":[0,0],"19":[0,0],"20":[0,0]}}
,"D:\\RelaySoftware\\relay\\app\\api\\agency\\eligibility\\[invoiceId]\\route.ts": {"path":"D:\\RelaySoftware\\relay\\app\\api\\agency\\eligibility\\[invoiceId]\\route.ts","statementMap":{"0":{"start":{"line":12,"column":0},"end":{"line":12,"column":7}},"1":{"start":{"line":1,"column":0},"end":{"line":1,"column":56}},"2":{"start":{"line":2,"column":0},"end":{"line":2,"column":44}},"3":{"start":{"line":3,"column":0},"end":{"line":3,"column":99}},"4":{"start":{"line":4,"column":0},"end":{"line":4,"column":36}},"5":{"start":{"line":5,"column":0},"end":{"line":5,"column":42}},"6":{"start":{"line":16,"column":2},"end":{"line":65,"column":3}},"7":{"start":{"line":17,"column":23},"end":{"line":17,"column":35}},"8":{"start":{"line":18,"column":4},"end":{"line":20,"column":5}},"9":{"start":{"line":19,"column":6},"end":{"line":19,"column":75}},"10":{"start":{"line":22,"column":26},"end":{"line":22,"column":38}},"11":{"start":{"line":25,"column":23},"end":{"line":25,"column":75}},"12":{"start":{"line":26,"column":4},"end":{"line":28,"column":5}},"13":{"start":{"line":27,"column":6},"end":{"line":27,"column":80}},"14":{"start":{"line":30,"column":20},"end":{"line":30,"column":48}},"15":{"start":{"line":31,"column":4},"end":{"line":33,"column":5}},"16":{"start":{"line":32,"column":6},"end":{"line":32,"column":75}},"17":{"start":{"line":36,"column":24},"end":{"line":36,"column":67}},"18":{"start":{"line":39,"column":21},"end":{"line":41,"column":10}},"19":{"start":{"line":43,"column":4},"end":{"line":58,"column":7}},"20":{"start":{"line":60,"column":4},"end":{"line":60,"column":58}},"21":{"start":{"line":61,"column":4},"end":{"line":64,"column":6}}},"fnMap":{"0":{"name":"GET","decl":{"start":{"line":12,"column":22},"end":{"line":12,"column":25}},"loc":{"start":{"line":14,"column":56},"end":{"line":66,"column":1}}}},"branchMap":{"0":{"loc":{"start":{"line":18,"column":4},"end":{"line":20,"column":5}},"type":"if","locations":[{"start":{"line":18,"column":4},"end":{"line":20,"column":5}},{"start":{},"end":{}}]},"1":{"loc":{"start":{"line":26,"column":4},"end":{"line":28,"column":5}},"type":"if","locations":[{"start":{"line":26,"column":4},"end":{"line":28,"column":5}},{"start":{},"end":{}}]},"2":{"loc":{"start":{"line":31,"column":4},"end":{"line":33,"column":5}},"type":"if","locations":[{"start":{"line":31,"column":4},"end":{"line":33,"column":5}},{"start":{},"end":{}}]},"3":{"loc":{"start":{"line":39,"column":21},"end":{"line":41,"column":10}},"type":"cond-expr","locations":[{"start":{"line":40,"column":8},"end":{"line":40,"column":56}},{"start":{"line":41,"column":8},"end":{"line":41,"column":10}}]}},"s":{"0":0,"1":0,"2":0,"3":0,"4":0,"5":0,"6":0,"7":0,"8":0,"9":0,"10":0,"11":0,"12":0,"13":0,"14":0,"15":0,"16":0,"17":0,"18":0,"19":0,"20":0,"21":0},"f":{"0":0},"b":{"0":[0,0],"1":[0,0],"2":[0,0],"3":[0,0]}}
,"D:\\RelaySoftware\\relay\\app\\api\\agency\\handoff\\route.ts": {"path":"D:\\RelaySoftware\\relay\\app\\api\\agency\\handoff\\route.ts","statementMap":{"0":{"start":{"line":10,"column":0},"end":{"line":10,"column":7}},"1":{"start":{"line":60,"column":0},"end":{"line":60,"column":7}},"2":{"start":{"line":1,"column":0},"end":{"line":1,"column":56}},"3":{"start":{"line":2,"column":0},"end":{"line":2,"column":44}},"4":{"start":{"line":3,"column":0},"end":{"line":3,"column":94}},"5":{"start":{"line":4,"column":0},"end":{"line":4,"column":42}},"6":{"start":{"line":11,"column":2},"end":{"line":53,"column":3}},"7":{"start":{"line":12,"column":23},"end":{"line":12,"column":35}},"8":{"start":{"line":13,"column":4},"end":{"line":15,"column":5}},"9":{"start":{"line":14,"column":6},"end":{"line":14,"column":75}},"10":{"start":{"line":17,"column":17},"end":{"line":17,"column":37}},"11":{"start":{"line":18,"column":43},"end":{"line":18,"column":47}},"12":{"start":{"line":21,"column":4},"end":{"line":26,"column":5}},"13":{"start":{"line":22,"column":6},"end":{"line":25,"column":8}},"14":{"start":{"line":29,"column":19},"end":{"line":34,"column":6}},"15":{"start":{"line":36,"column":4},"end":{"line":41,"column":5}},"16":{"start":{"line":37,"column":6},"end":{"line":40,"column":8}},"17":{"start":{"line":43,"column":4},"end":{"line":46,"column":7}},"18":{"start":{"line":48,"column":4},"end":{"line":48,"column":55}},"19":{"start":{"line":49,"column":4},"end":{"line":52,"column":6}},"20":{"start":{"line":61,"column":2},"end":{"line":86,"column":3}},"21":{"start":{"line":62,"column":23},"end":{"line":62,"column":35}},"22":{"start":{"line":63,"column":4},"end":{"line":65,"column":5}},"23":{"start":{"line":64,"column":6},"end":{"line":64,"column":75}},"24":{"start":{"line":67,"column":25},"end":{"line":67,"column":53}},"25":{"start":{"line":68,"column":19},"end":{"line":68,"column":52}},"26":{"start":{"line":69,"column":18},"end":{"line":69,"column":65}},"27":{"start":{"line":71,"column":21},"end":{"line":74,"column":6}},"28":{"start":{"line":76,"column":4},"end":{"line":79,"column":7}},"29":{"start":{"line":81,"column":4},"end":{"line":81,"column":54}},"30":{"start":{"line":82,"column":4},"end":{"line":85,"column":6}}},"fnMap":{"0":{"name":"POST","decl":{"start":{"line":10,"column":22},"end":{"line":10,"column":26}},"loc":{"start":{"line":10,"column":47},"end":{"line":54,"column":1}}},"1":{"name":"GET","decl":{"start":{"line":60,"column":22},"end":{"line":60,"column":25}},"loc":{"start":{"line":60,"column":46},"end":{"line":87,"column":1}}}},"branchMap":{"0":{"loc":{"start":{"line":13,"column":4},"end":{"line":15,"column":5}},"type":"if","locations":[{"start":{"line":13,"column":4},"end":{"line":15,"column":5}},{"start":{},"end":{}}]},"1":{"loc":{"start":{"line":21,"column":4},"end":{"line":26,"column":5}},"type":"if","locations":[{"start":{"line":21,"column":4},"end":{"line":26,"column":5}},{"start":{},"end":{}}]},"2":{"loc":{"start":{"line":21,"column":8},"end":{"line":21,"column":31}},"type":"binary-expr","locations":[{"start":{"line":21,"column":8},"end":{"line":21,"column":18}},{"start":{"line":21,"column":22},"end":{"line":21,"column":31}}]},"3":{"loc":{"start":{"line":36,"column":4},"end":{"line":41,"column":5}},"type":"if","locations":[{"start":{"line":36,"column":4},"end":{"line":41,"column":5}},{"start":{},"end":{}}]},"4":{"loc":{"start":{"line":38,"column":17},"end":{"line":38,"column":59}},"type":"binary-expr","locations":[{"start":{"line":38,"column":17},"end":{"line":38,"column":29}},{"start":{"line":38,"column":33},"end":{"line":38,"column":59}}]},"5":{"loc":{"start":{"line":63,"column":4},"end":{"line":65,"column":5}},"type":"if","locations":[{"start":{"line":63,"column":4},"end":{"line":65,"column":5}},{"start":{},"end":{}}]},"6":{"loc":{"start":{"line":69,"column":27},"end":{"line":69,"column":60}},"type":"binary-expr","locations":[{"start":{"line":69,"column":27},"end":{"line":69,"column":52}},{"start":{"line":69,"column":56},"end":{"line":69,"column":60}}]}},"s":{"0":0,"1":0,"2":0,"3":0,"4":0,"5":0,"6":0,"7":0,"8":0,"9":0,"10":0,"11":0,"12":0,"13":0,"14":0,"15":0,"16":0,"17":0,"18":0,"19":0,"20":0,"21":0,"22":0,"23":0,"24":0,"25":0,"26":0,"27":0,"28":0,"29":0,"30":0},"f":{"0":0,"1":0},"b":{"0":[0,0],"1":[0,0],"2":[0,0],"3":[0,0],"4":[0,0],"5":[0,0],"6":[0,0]}}
,"D:\\RelaySoftware\\relay\\app\\api\\agency\\handoff\\[handoffId]\\route.ts": {"path":"D:\\RelaySoftware\\relay\\app\\api\\agency\\handoff\\[handoffId]\\route.ts","statementMap":{"0":{"start":{"line":10,"column":0},"end":{"line":10,"column":7}},"1":{"start":{"line":1,"column":0},"end":{"line":1,"column":56}},"2":{"start":{"line":2,"column":0},"end":{"line":2,"column":44}},"3":{"start":{"line":3,"column":0},"end":{"line":3,"column":68}},"4":{"start":{"line":4,"column":0},"end":{"line":4,"column":42}},"5":{"start":{"line":14,"column":2},"end":{"line":40,"column":3}},"6":{"start":{"line":15,"column":23},"end":{"line":15,"column":35}},"7":{"start":{"line":16,"column":4},"end":{"line":18,"column":5}},"8":{"start":{"line":17,"column":6},"end":{"line":17,"column":75}},"9":{"start":{"line":20,"column":26},"end":{"line":20,"column":38}},"10":{"start":{"line":22,"column":20},"end":{"line":22,"column":54}},"11":{"start":{"line":24,"column":4},"end":{"line":26,"column":5}},"12":{"start":{"line":25,"column":6},"end":{"line":25,"column":80}},"13":{"start":{"line":29,"column":4},"end":{"line":31,"column":5}},"14":{"start":{"line":30,"column":6},"end":{"line":30,"column":75}},"15":{"start":{"line":33,"column":4},"end":{"line":33,"column":38}},"16":{"start":{"line":35,"column":4},"end":{"line":35,"column":53}},"17":{"start":{"line":36,"column":4},"end":{"line":39,"column":6}}},"fnMap":{"0":{"name":"GET","decl":{"start":{"line":10,"column":22},"end":{"line":10,"column":25}},"loc":{"start":{"line":12,"column":56},"end":{"line":41,"column":1}}}},"branchMap":{"0":{"loc":{"start":{"line":16,"column":4},"end":{"line":18,"column":5}},"type":"if","locations":[{"start":{"line":16,"column":4},"end":{"line":18,"column":5}},{"start":{},"end":{}}]},"1":{"loc":{"start":{"line":24,"column":4},"end":{"line":26,"column":5}},"type":"if","locations":[{"start":{"line":24,"column":4},"end":{"line":26,"column":5}},{"start":{},"end":{}}]},"2":{"loc":{"start":{"line":29,"column":4},"end":{"line":31,"column":5}},"type":"if","locations":[{"start":{"line":29,"column":4},"end":{"line":31,"column":5}},{"start":{},"end":{}}]}},"s":{"0":0,"1":0,"2":0,"3":0,"4":0,"5":0,"6":0,"7":0,"8":0,"9":0,"10":0,"11":0,"12":0,"13":0,"14":0,"15":0,"16":0,"17":0},"f":{"0":0},"b":{"0":[0,0],"1":[0,0],"2":[0,0]}}
,"D:\\RelaySoftware\\relay\\app\\api\\agency\\handoffs\\[handoffId]\\documents\\route.ts": {"path":"D:\\RelaySoftware\\relay\\app\\api\\agency\\handoffs\\[handoffId]\\documents\\route.ts","statementMap":{"0":{"start":{"line":26,"column":0},"end":{"line":26,"column":7}},"1":{"start":{"line":14,"column":0},"end":{"line":14,"column":56}},"2":{"start":{"line":15,"column":0},"end":{"line":15,"column":44}},"3":{"start":{"line":16,"column":0},"end":{"line":16,"column":36}},"4":{"start":{"line":17,"column":0},"end":{"line":17,"column":76}},"5":{"start":{"line":18,"column":0},"end":{"line":18,"column":51}},"6":{"start":{"line":19,"column":0},"end":{"line":19,"column":55}},"7":{"start":{"line":21,"column":13},"end":{"line":21,"column":39}},"8":{"start":{"line":30,"column":2},"end":{"line":105,"column":3}},"9":{"start":{"line":32,"column":23},"end":{"line":32,"column":35}},"10":{"start":{"line":33,"column":4},"end":{"line":35,"column":5}},"11":{"start":{"line":34,"column":6},"end":{"line":34,"column":34}},"12":{"start":{"line":37,"column":26},"end":{"line":37,"column":38}},"13":{"start":{"line":40,"column":23},"end":{"line":40,"column":82}},"14":{"start":{"line":42,"column":4},"end":{"line":44,"column":5}},"15":{"start":{"line":43,"column":6},"end":{"line":43,"column":49}},"16":{"start":{"line":46,"column":20},"end":{"line":46,"column":37}},"17":{"start":{"line":50,"column":20},"end":{"line":50,"column":66}},"18":{"start":{"line":51,"column":17},"end":{"line":51,"column":31}},"19":{"start":{"line":53,"column":25},"end":{"line":53,"column":57}},"20":{"start":{"line":54,"column":20},"end":{"line":54,"column":42}},"21":{"start":{"line":56,"column":4},"end":{"line":58,"column":5}},"22":{"start":{"line":57,"column":6},"end":{"line":57,"column":73}},"23":{"start":{"line":61,"column":19},"end":{"line":61,"column":79}},"24":{"start":{"line":63,"column":4},"end":{"line":65,"column":5}},"25":{"start":{"line":64,"column":6},"end":{"line":64,"column":66}},"26":{"start":{"line":68,"column":25},"end":{"line":68,"column":49}},"27":{"start":{"line":69,"column":27},"end":{"line":69,"column":64}},"28":{"start":{"line":71,"column":4},"end":{"line":94,"column":5}},"29":{"start":{"line":73,"column":32},"end":{"line":82,"column":null}},"30":{"start":{"line":75,"column":34},"end":{"line":75,"column":73}},"31":{"start":{"line":77,"column":10},"end":{"line":81,"column":12}},"32":{"start":{"line":85,"column":6},"end":{"line":88,"column":9}},"33":{"start":{"line":90,"column":6},"end":{"line":93,"column":9}},"34":{"start":{"line":97,"column":4},"end":{"line":100,"column":7}},"35":{"start":{"line":103,"column":4},"end":{"line":103,"column":55}},"36":{"start":{"line":104,"column":4},"end":{"line":104,"column":33}}},"fnMap":{"0":{"name":"GET","decl":{"start":{"line":26,"column":22},"end":{"line":26,"column":25}},"loc":{"start":{"line":28,"column":56},"end":{"line":106,"column":1}}},"1":{"name":"(anonymous_1)","decl":{"start":{"line":74,"column":29},"end":{"line":74,"column":34}},"loc":{"start":{"line":74,"column":43},"end":{"line":82,"column":9}}}},"branchMap":{"0":{"loc":{"start":{"line":33,"column":4},"end":{"line":35,"column":5}},"type":"if","locations":[{"start":{"line":33,"column":4},"end":{"line":35,"column":5}},{"start":{},"end":{}}]},"1":{"loc":{"start":{"line":42,"column":4},"end":{"line":44,"column":5}},"type":"if","locations":[{"start":{"line":42,"column":4},"end":{"line":44,"column":5}},{"start":{},"end":{}}]},"2":{"loc":{"start":{"line":56,"column":4},"end":{"line":58,"column":5}},"type":"if","locations":[{"start":{"line":56,"column":4},"end":{"line":58,"column":5}},{"start":{},"end":{}}]},"3":{"loc":{"start":{"line":56,"column":8},"end":{"line":56,"column":33}},"type":"binary-expr","locations":[{"start":{"line":56,"column":8},"end":{"line":56,"column":21}},{"start":{"line":56,"column":25},"end":{"line":56,"column":33}}]},"4":{"loc":{"start":{"line":63,"column":4},"end":{"line":65,"column":5}},"type":"if","locations":[{"start":{"line":63,"column":4},"end":{"line":65,"column":5}},{"start":{},"end":{}}]},"5":{"loc":{"start":{"line":64,"column":22},"end":{"line":64,"column":64}},"type":"binary-expr","locations":[{"start":{"line":64,"column":22},"end":{"line":64,"column":34}},{"start":{"line":64,"column":38},"end":{"line":64,"column":64}}]},"6":{"loc":{"start":{"line":71,"column":4},"end":{"line":94,"column":5}},"type":"if","locations":[{"start":{"line":71,"column":4},"end":{"line":94,"column":5}},{"start":{},"end":{}}]},"7":{"loc":{"start":{"line":71,"column":8},"end":{"line":71,"column":42}},"type":"binary-expr","locations":[{"start":{"line":71,"column":8},"end":{"line":71,"column":22}},{"start":{"line":71,"column":26},"end":{"line":71,"column":42}}]},"8":{"loc":{"start":{"line":79,"column":23},"end":{"line":79,"column":81}},"type":"cond-expr","locations":[{"start":{"line":79,"column":49},"end":{"line":79,"column":74}},{"start":{"line":79,"column":77},"end":{"line":79,"column":81}}]},"9":{"loc":{"start":{"line":80,"column":32},"end":{"line":80,"column":90}},"type":"cond-expr","locations":[{"start":{"line":80,"column":58},"end":{"line":80,"column":83}},{"start":{"line":80,"column":86},"end":{"line":80,"column":90}}]}},"s":{"0":0,"1":0,"2":0,"3":0,"4":0,"5":0,"6":0,"7":0,"8":0,"9":0,"10":0,"11":0,"12":0,"13":0,"14":0,"15":0,"16":0,"17":0,"18":0,"19":0,"20":0,"21":0,"22":0,"23":0,"24":0,"25":0,"26":0,"27":0,"28":0,"29":0,"30":0,"31":0,"32":0,"33":0,"34":0,"35":0,"36":0},"f":{"0":0,"1":0},"b":{"0":[0,0],"1":[0,0],"2":[0,0],"3":[0,0],"4":[0,0],"5":[0,0],"6":[0,0],"7":[0,0],"8":[0,0],"9":[0,0]}}
,"D:\\RelaySoftware\\relay\\app\\api\\agency\\webhook\\route.ts": {"path":"D:\\RelaySoftware\\relay\\app\\api\\agency\\webhook\\route.ts","statementMap":{"0":{"start":{"line":18,"column":0},"end":{"line":18,"column":7}},"1":{"start":{"line":1,"column":0},"end":{"line":1,"column":56}},"2":{"start":{"line":2,"column":0},"end":{"line":2,"column":70}},"3":{"start":{"line":3,"column":0},"end":{"line":3,"column":51}},"4":{"start":{"line":19,"column":2},"end":{"line":88,"column":3}},"5":{"start":{"line":21,"column":19},"end":{"line":21,"column":51}},"6":{"start":{"line":22,"column":4},"end":{"line":24,"column":5}},"7":{"start":{"line":23,"column":6},"end":{"line":23,"column":78}},"8":{"start":{"line":27,"column":25},"end":{"line":31,"column":21}},"9":{"start":{"line":33,"column":4},"end":{"line":35,"column":5}},"10":{"start":{"line":34,"column":6},"end":{"line":34,"column":78}},"11":{"start":{"line":37,"column":17},"end":{"line":37,"column":37}},"12":{"start":{"line":45,"column":8},"end":{"line":45,"column":12}},"13":{"start":{"line":48,"column":4},"end":{"line":53,"column":5}},"14":{"start":{"line":49,"column":6},"end":{"line":52,"column":8}},"15":{"start":{"line":55,"column":4},"end":{"line":59,"column":7}},"16":{"start":{"line":62,"column":19},"end":{"line":68,"column":6}},"17":{"start":{"line":70,"column":4},"end":{"line":75,"column":5}},"18":{"start":{"line":71,"column":6},"end":{"line":74,"column":8}},"19":{"start":{"line":77,"column":4},"end":{"line":81,"column":7}},"20":{"start":{"line":83,"column":4},"end":{"line":83,"column":56}},"21":{"start":{"line":84,"column":4},"end":{"line":87,"column":6}}},"fnMap":{"0":{"name":"POST","decl":{"start":{"line":18,"column":22},"end":{"line":18,"column":26}},"loc":{"start":{"line":18,"column":47},"end":{"line":89,"column":1}}}},"branchMap":{"0":{"loc":{"start":{"line":22,"column":4},"end":{"line":24,"column":5}},"type":"if","locations":[{"start":{"line":22,"column":4},"end":{"line":24,"column":5}},{"start":{},"end":{}}]},"1":{"loc":{"start":{"line":33,"column":4},"end":{"line":35,"column":5}},"type":"if","locations":[{"start":{"line":33,"column":4},"end":{"line":35,"column":5}},{"start":{},"end":{}}]},"2":{"loc":{"start":{"line":48,"column":4},"end":{"line":53,"column":5}},"type":"if","locations":[{"start":{"line":48,"column":4},"end":{"line":53,"column":5}},{"start":{},"end":{}}]},"3":{"loc":{"start":{"line":70,"column":4},"end":{"line":75,"column":5}},"type":"if","locations":[{"start":{"line":70,"column":4},"end":{"line":75,"column":5}},{"start":{},"end":{}}]},"4":{"loc":{"start":{"line":72,"column":17},"end":{"line":72,"column":59}},"type":"binary-expr","locations":[{"start":{"line":72,"column":17},"end":{"line":72,"column":29}},{"start":{"line":72,"column":33},"end":{"line":72,"column":59}}]}},"s":{"0":0,"1":0,"2":0,"3":0,"4":0,"5":0,"6":0,"7":0,"8":0,"9":0,"10":0,"11":0,"12":0,"13":0,"14":0,"15":0,"16":0,"17":0,"18":0,"19":0,"20":0,"21":0},"f":{"0":0},"b":{"0":[0,0],"1":[0,0],"2":[0,0],"3":[0,0],"4":[0,0]}}
,"D:\\RelaySoftware\\relay\\app\\api\\collections\\agency-handoff\\route.ts": {"path":"D:\\RelaySoftware\\relay\\app\\api\\collections\\agency-handoff\\route.ts","statementMap":{"0":{"start":{"line":28,"column":0},"end":{"line":28,"column":7}},"1":{"start":{"line":127,"column":0},"end":{"line":127,"column":7}},"2":{"start":{"line":9,"column":0},"end":{"line":9,"column":56}},"3":{"start":{"line":10,"column":0},"end":{"line":10,"column":44}},"4":{"start":{"line":11,"column":0},"end":{"line":11,"column":null}},"5":{"start":{"line":18,"column":0},"end":{"line":18,"column":90}},"6":{"start":{"line":19,"column":0},"end":{"line":19,"column":55}},"7":{"start":{"line":20,"column":0},"end":{"line":20,"column":63}},"8":{"start":{"line":22,"column":13},"end":{"line":22,"column":39}},"9":{"start":{"line":29,"column":20},"end":{"line":29,"column":30}},"10":{"start":{"line":31,"column":2},"end":{"line":119,"column":3}},"11":{"start":{"line":33,"column":23},"end":{"line":33,"column":35}},"12":{"start":{"line":34,"column":4},"end":{"line":36,"column":5}},"13":{"start":{"line":35,"column":6},"end":{"line":35,"column":34}},"14":{"start":{"line":38,"column":4},"end":{"line":38,"column":69}},"15":{"start":{"line":41,"column":4},"end":{"line":41,"column":57}},"16":{"start":{"line":44,"column":17},"end":{"line":44,"column":33}},"17":{"start":{"line":53,"column":8},"end":{"line":53,"column":12}},"18":{"start":{"line":55,"column":4},"end":{"line":57,"column":5}},"19":{"start":{"line":56,"column":6},"end":{"line":56,"column":78}},"20":{"start":{"line":60,"column":24},"end":{"line":60,"column":67}},"21":{"start":{"line":62,"column":4},"end":{"line":71,"column":5}},"22":{"start":{"line":63,"column":6},"end":{"line":70,"column":8}},"23":{"start":{"line":74,"column":19},"end":{"line":79,"column":6}},"24":{"start":{"line":81,"column":4},"end":{"line":83,"column":5}},"25":{"start":{"line":82,"column":6},"end":{"line":82,"column":66}},"26":{"start":{"line":86,"column":4},"end":{"line":91,"column":7}},"27":{"start":{"line":93,"column":21},"end":{"line":93,"column":43}},"28":{"start":{"line":94,"column":4},"end":{"line":94,"column":85}},"29":{"start":{"line":96,"column":4},"end":{"line":101,"column":7}},"30":{"start":{"line":104,"column":21},"end":{"line":104,"column":43}},"31":{"start":{"line":105,"column":4},"end":{"line":105,"column":97}},"32":{"start":{"line":107,"column":4},"end":{"line":116,"column":5}},"33":{"start":{"line":108,"column":6},"end":{"line":115,"column":8}},"34":{"start":{"line":118,"column":4},"end":{"line":118,"column":33}},"35":{"start":{"line":128,"column":2},"end":{"line":171,"column":3}},"36":{"start":{"line":129,"column":23},"end":{"line":129,"column":35}},"37":{"start":{"line":130,"column":4},"end":{"line":132,"column":5}},"38":{"start":{"line":131,"column":6},"end":{"line":131,"column":34}},"39":{"start":{"line":134,"column":29},"end":{"line":134,"column":45}},"40":{"start":{"line":135,"column":22},"end":{"line":135,"column":51}},"41":{"start":{"line":136,"column":19},"end":{"line":136,"column":52}},"42":{"start":{"line":139,"column":4},"end":{"line":155,"column":5}},"43":{"start":{"line":140,"column":22},"end":{"line":140,"column":56}},"44":{"start":{"line":142,"column":6},"end":{"line":144,"column":7}},"45":{"start":{"line":143,"column":8},"end":{"line":143,"column":51}},"46":{"start":{"line":147,"column":6},"end":{"line":149,"column":7}},"47":{"start":{"line":148,"column":8},"end":{"line":148,"column":73}},"48":{"start":{"line":151,"column":6},"end":{"line":154,"column":9}},"49":{"start":{"line":158,"column":21},"end":{"line":161,"column":6}},"50":{"start":{"line":163,"column":4},"end":{"line":167,"column":7}},"51":{"start":{"line":170,"column":4},"end":{"line":170,"column":33}}},"fnMap":{"0":{"name":"POST","decl":{"start":{"line":28,"column":22},"end":{"line":28,"column":26}},"loc":{"start":{"line":28,"column":43},"end":{"line":120,"column":1}}},"1":{"name":"GET","decl":{"start":{"line":127,"column":22},"end":{"line":127,"column":25}},"loc":{"start":{"line":127,"column":42},"end":{"line":172,"column":1}}}},"branchMap":{"0":{"loc":{"start":{"line":34,"column":4},"end":{"line":36,"column":5}},"type":"if","locations":[{"start":{"line":34,"column":4},"end":{"line":36,"column":5}},{"start":{},"end":{}}]},"1":{"loc":{"start":{"line":55,"column":4},"end":{"line":57,"column":5}},"type":"if","locations":[{"start":{"line":55,"column":4},"end":{"line":57,"column":5}},{"start":{},"end":{}}]},"2":{"loc":{"start":{"line":55,"column":8},"end":{"line":55,"column":31}},"type":"binary-expr","locations":[{"start":{"line":55,"column":8},"end":{"line":55,"column":18}},{"start":{"line":55,"column":22},"end":{"line":55,"column":31}}]},"3":{"loc":{"start":{"line":62,"column":4},"end":{"line":71,"column":5}},"type":"if","locations":[{"start":{"line":62,"column":4},"end":{"line":71,"column":5}},{"start":{},"end":{}}]},"4":{"loc":{"start":{"line":81,"column":4},"end":{"line":83,"column":5}},"type":"if","locations":[{"start":{"line":81,"column":4},"end":{"line":83,"column":5}},{"start":{},"end":{}}]},"5":{"loc":{"start":{"line":82,"column":22},"end":{"line":82,"column":64}},"type":"binary-expr","locations":[{"start":{"line":82,"column":22},"end":{"line":82,"column":34}},{"start":{"line":82,"column":38},"end":{"line":82,"column":64}}]},"6":{"loc":{"start":{"line":105,"column":62},"end":{"line":105,"column":85}},"type":"binary-expr","locations":[{"start":{"line":105,"column":62},"end":{"line":105,"column":78}},{"start":{"line":105,"column":82},"end":{"line":105,"column":85}}]},"7":{"loc":{"start":{"line":107,"column":4},"end":{"line":116,"column":5}},"type":"if","locations":[{"start":{"line":107,"column":4},"end":{"line":116,"column":5}},{"start":{},"end":{}}]},"8":{"loc":{"start":{"line":130,"column":4},"end":{"line":132,"column":5}},"type":"if","locations":[{"start":{"line":130,"column":4},"end":{"line":132,"column":5}},{"start":{},"end":{}}]},"9":{"loc":{"start":{"line":139,"column":4},"end":{"line":155,"column":5}},"type":"if","locations":[{"start":{"line":139,"column":4},"end":{"line":155,"column":5}},{"start":{},"end":{}}]},"10":{"loc":{"start":{"line":142,"column":6},"end":{"line":144,"column":7}},"type":"if","locations":[{"start":{"line":142,"column":6},"end":{"line":144,"column":7}},{"start":{},"end":{}}]},"11":{"loc":{"start":{"line":147,"column":6},"end":{"line":149,"column":7}},"type":"if","locations":[{"start":{"line":147,"column":6},"end":{"line":149,"column":7}},{"start":{},"end":{}}]}},"s":{"0":0,"1":0,"2":0,"3":0,"4":0,"5":0,"6":0,"7":0,"8":0,"9":0,"10":0,"11":0,"12":0,"13":0,"14":0,"15":0,"16":0,"17":0,"18":0,"19":0,"20":0,"21":0,"22":0,"23":0,"24":0,"25":0,"26":0,"27":0,"28":0,"29":0,"30":0,"31":0,"32":0,"33":0,"34":0,"35":0,"36":0,"37":0,"38":0,"39":0,"40":0,"41":0,"42":0,"43":0,"44":0,"45":0,"46":0,"47":0,"48":0,"49":0,"50":0,"51":0},"f":{"0":0,"1":0},"b":{"0":[0,0],"1":[0,0],"2":[0,0],"3":[0,0],"4":[0,0],"5":[0,0],"6":[0,0],"7":[0,0],"8":[0,0],"9":[0,0],"10":[0,0],"11":[0,0]}}
,"D:\\RelaySoftware\\relay\\app\\api\\collections\\agency-handoff\\eligibility\\route.ts": {"path":"D:\\RelaySoftware\\relay\\app\\api\\collections\\agency-handoff\\eligibility\\route.ts","statementMap":{"0":{"start":{"line":21,"column":0},"end":{"line":21,"column":7}},"1":{"start":{"line":9,"column":0},"end":{"line":9,"column":56}},"2":{"start":{"line":10,"column":0},"end":{"line":10,"column":44}},"3":{"start":{"line":11,"column":0},"end":{"line":11,"column":36}},"4":{"start":{"line":13,"column":0},"end":{"line":13,"column":null}},"5":{"start":{"line":17,"column":0},"end":{"line":17,"column":55}},"6":{"start":{"line":19,"column":13},"end":{"line":19,"column":39}},"7":{"start":{"line":22,"column":2},"end":{"line":72,"column":3}},"8":{"start":{"line":23,"column":23},"end":{"line":23,"column":35}},"9":{"start":{"line":24,"column":4},"end":{"line":26,"column":5}},"10":{"start":{"line":25,"column":6},"end":{"line":25,"column":34}},"11":{"start":{"line":28,"column":29},"end":{"line":28,"column":45}},"12":{"start":{"line":29,"column":22},"end":{"line":29,"column":51}},"13":{"start":{"line":31,"column":4},"end":{"line":33,"column":5}},"14":{"start":{"line":32,"column":6},"end":{"line":32,"column":61}},"15":{"start":{"line":36,"column":23},"end":{"line":36,"column":75}},"16":{"start":{"line":37,"column":4},"end":{"line":39,"column":5}},"17":{"start":{"line":38,"column":6},"end":{"line":38,"column":49}},"18":{"start":{"line":41,"column":20},"end":{"line":41,"column":48}},"19":{"start":{"line":44,"column":4},"end":{"line":46,"column":5}},"20":{"start":{"line":45,"column":6},"end":{"line":45,"column":71}},"21":{"start":{"line":49,"column":24},"end":{"line":49,"column":67}},"22":{"start":{"line":52,"column":21},"end":{"line":54,"column":6}},"23":{"start":{"line":56,"column":4},"end":{"line":68,"column":7}},"24":{"start":{"line":71,"column":4},"end":{"line":71,"column":33}}},"fnMap":{"0":{"name":"GET","decl":{"start":{"line":21,"column":22},"end":{"line":21,"column":25}},"loc":{"start":{"line":21,"column":42},"end":{"line":73,"column":1}}}},"branchMap":{"0":{"loc":{"start":{"line":24,"column":4},"end":{"line":26,"column":5}},"type":"if","locations":[{"start":{"line":24,"column":4},"end":{"line":26,"column":5}},{"start":{},"end":{}}]},"1":{"loc":{"start":{"line":31,"column":4},"end":{"line":33,"column":5}},"type":"if","locations":[{"start":{"line":31,"column":4},"end":{"line":33,"column":5}},{"start":{},"end":{}}]},"2":{"loc":{"start":{"line":37,"column":4},"end":{"line":39,"column":5}},"type":"if","locations":[{"start":{"line":37,"column":4},"end":{"line":39,"column":5}},{"start":{},"end":{}}]},"3":{"loc":{"start":{"line":44,"column":4},"end":{"line":46,"column":5}},"type":"if","locations":[{"start":{"line":44,"column":4},"end":{"line":46,"column":5}},{"start":{},"end":{}}]}},"s":{"0":0,"1":0,"2":0,"3":0,"4":0,"5":0,"6":0,"7":0,"8":0,"9":0,"10":0,"11":0,"12":0,"13":0,"14":0,"15":0,"16":0,"17":0,"18":0,"19":0,"20":0,"21":0,"22":0,"23":0,"24":0},"f":{"0":0},"b":{"0":[0,0],"1":[0,0],"2":[0,0],"3":[0,0]}}
,"D:\\RelaySoftware\\relay\\app\\api\\collections\\ai-call\\route.ts": {"path":"D:\\RelaySoftware\\relay\\app\\api\\collections\\ai-call\\route.ts","statementMap":{"0":{"start":{"line":25,"column":0},"end":{"line":25,"column":7}},"1":{"start":{"line":219,"column":0},"end":{"line":219,"column":7}},"2":{"start":{"line":9,"column":0},"end":{"line":9,"column":56}},"3":{"start":{"line":10,"column":0},"end":{"line":10,"column":44}},"4":{"start":{"line":11,"column":0},"end":{"line":11,"column":48}},"5":{"start":{"line":13,"column":0},"end":{"line":13,"column":84}},"6":{"start":{"line":14,"column":0},"end":{"line":14,"column":90}},"7":{"start":{"line":15,"column":0},"end":{"line":15,"column":67}},"8":{"start":{"line":16,"column":0},"end":{"line":16,"column":55}},"9":{"start":{"line":17,"column":0},"end":{"line":17,"column":72}},"10":{"start":{"line":19,"column":13},"end":{"line":19,"column":39}},"11":{"start":{"line":26,"column":20},"end":{"line":26,"column":30}},"12":{"start":{"line":28,"column":2},"end":{"line":212,"column":3}},"13":{"start":{"line":30,"column":23},"end":{"line":30,"column":35}},"14":{"start":{"line":31,"column":4},"end":{"line":33,"column":5}},"15":{"start":{"line":32,"column":6},"end":{"line":32,"column":34}},"16":{"start":{"line":35,"column":4},"end":{"line":35,"column":62}},"17":{"start":{"line":38,"column":4},"end":{"line":38,"column":57}},"18":{"start":{"line":41,"column":4},"end":{"line":41,"column":85}},"19":{"start":{"line":44,"column":17},"end":{"line":44,"column":33}},"20":{"start":{"line":55,"column":8},"end":{"line":55,"column":12}},"21":{"start":{"line":57,"column":4},"end":{"line":59,"column":5}},"22":{"start":{"line":58,"column":6},"end":{"line":58,"column":99}},"23":{"start":{"line":62,"column":23},"end":{"line":62,"column":75}},"24":{"start":{"line":63,"column":4},"end":{"line":65,"column":5}},"25":{"start":{"line":64,"column":6},"end":{"line":64,"column":49}},"26":{"start":{"line":67,"column":20},"end":{"line":67,"column":48}},"27":{"start":{"line":70,"column":4},"end":{"line":72,"column":5}},"28":{"start":{"line":71,"column":6},"end":{"line":71,"column":71}},"29":{"start":{"line":75,"column":4},"end":{"line":77,"column":5}},"30":{"start":{"line":76,"column":6},"end":{"line":76,"column":57}},"31":{"start":{"line":80,"column":4},"end":{"line":82,"column":5}},"32":{"start":{"line":81,"column":6},"end":{"line":81,"column":82}},"33":{"start":{"line":85,"column":20},"end":{"line":85,"column":66}},"34":{"start":{"line":86,"column":21},"end":{"line":86,"column":35}},"35":{"start":{"line":87,"column":25},"end":{"line":87,"column":86}},"36":{"start":{"line":90,"column":24},"end":{"line":91,"column":null}},"37":{"start":{"line":95,"column":24},"end":{"line":101,"column":12}},"38":{"start":{"line":103,"column":4},"end":{"line":112,"column":5}},"39":{"start":{"line":104,"column":23},"end":{"line":104,"column":49}},"40":{"start":{"line":105,"column":33},"end":{"line":105,"column":96}},"41":{"start":{"line":107,"column":6},"end":{"line":111,"column":7}},"42":{"start":{"line":108,"column":8},"end":{"line":110,"column":10}},"43":{"start":{"line":115,"column":23},"end":{"line":126,"column":6}},"44":{"start":{"line":128,"column":4},"end":{"line":130,"column":5}},"45":{"start":{"line":129,"column":6},"end":{"line":129,"column":69}},"46":{"start":{"line":133,"column":23},"end":{"line":133,"column":65}},"47":{"start":{"line":134,"column":4},"end":{"line":153,"column":7}},"48":{"start":{"line":156,"column":4},"end":{"line":159,"column":7}},"49":{"start":{"line":162,"column":25},"end":{"line":166,"column":6}},"50":{"start":{"line":169,"column":4},"end":{"line":174,"column":7}},"51":{"start":{"line":176,"column":4},"end":{"line":180,"column":7}},"52":{"start":{"line":182,"column":21},"end":{"line":182,"column":43}},"53":{"start":{"line":183,"column":4},"end":{"line":183,"column":78}},"54":{"start":{"line":185,"column":4},"end":{"line":193,"column":7}},"55":{"start":{"line":196,"column":21},"end":{"line":196,"column":43}},"56":{"start":{"line":197,"column":4},"end":{"line":197,"column":90}},"57":{"start":{"line":200,"column":4},"end":{"line":209,"column":5}},"58":{"start":{"line":201,"column":6},"end":{"line":208,"column":8}},"59":{"start":{"line":211,"column":4},"end":{"line":211,"column":33}},"60":{"start":{"line":220,"column":2},"end":{"line":266,"column":3}},"61":{"start":{"line":221,"column":23},"end":{"line":221,"column":35}},"62":{"start":{"line":222,"column":4},"end":{"line":224,"column":5}},"63":{"start":{"line":223,"column":6},"end":{"line":223,"column":34}},"64":{"start":{"line":226,"column":29},"end":{"line":226,"column":45}},"65":{"start":{"line":227,"column":22},"end":{"line":227,"column":51}},"66":{"start":{"line":229,"column":4},"end":{"line":231,"column":5}},"67":{"start":{"line":230,"column":6},"end":{"line":230,"column":61}},"68":{"start":{"line":234,"column":23},"end":{"line":234,"column":86}},"69":{"start":{"line":236,"column":4},"end":{"line":238,"column":5}},"70":{"start":{"line":237,"column":6},"end":{"line":237,"column":54}},"71":{"start":{"line":240,"column":20},"end":{"line":240,"column":37}},"72":{"start":{"line":243,"column":4},"end":{"line":245,"column":5}},"73":{"start":{"line":244,"column":6},"end":{"line":244,"column":68}},"74":{"start":{"line":247,"column":4},"end":{"line":262,"column":7}},"75":{"start":{"line":265,"column":4},"end":{"line":265,"column":33}}},"fnMap":{"0":{"name":"POST","decl":{"start":{"line":25,"column":22},"end":{"line":25,"column":26}},"loc":{"start":{"line":25,"column":43},"end":{"line":213,"column":1}}},"1":{"name":"GET","decl":{"start":{"line":219,"column":22},"end":{"line":219,"column":25}},"loc":{"start":{"line":219,"column":42},"end":{"line":267,"column":1}}}},"branchMap":{"0":{"loc":{"start":{"line":31,"column":4},"end":{"line":33,"column":5}},"type":"if","locations":[{"start":{"line":31,"column":4},"end":{"line":33,"column":5}},{"start":{},"end":{}}]},"1":{"loc":{"start":{"line":49,"column":6},"end":{"line":49,"column":36}},"type":"default-arg","locations":[{"start":{"line":49,"column":32},"end":{"line":49,"column":36}}]},"2":{"loc":{"start":{"line":57,"column":4},"end":{"line":59,"column":5}},"type":"if","locations":[{"start":{"line":57,"column":4},"end":{"line":59,"column":5}},{"start":{},"end":{}}]},"3":{"loc":{"start":{"line":57,"column":8},"end":{"line":57,"column":55}},"type":"binary-expr","locations":[{"start":{"line":57,"column":8},"end":{"line":57,"column":18}},{"start":{"line":57,"column":22},"end":{"line":57,"column":37}},{"start":{"line":57,"column":41},"end":{"line":57,"column":55}}]},"4":{"loc":{"start":{"line":63,"column":4},"end":{"line":65,"column":5}},"type":"if","locations":[{"start":{"line":63,"column":4},"end":{"line":65,"column":5}},{"start":{},"end":{}}]},"5":{"loc":{"start":{"line":70,"column":4},"end":{"line":72,"column":5}},"type":"if","locations":[{"start":{"line":70,"column":4},"end":{"line":72,"column":5}},{"start":{},"end":{}}]},"6":{"loc":{"start":{"line":75,"column":4},"end":{"line":77,"column":5}},"type":"if","locations":[{"start":{"line":75,"column":4},"end":{"line":77,"column":5}},{"start":{},"end":{}}]},"7":{"loc":{"start":{"line":80,"column":4},"end":{"line":82,"column":5}},"type":"if","locations":[{"start":{"line":80,"column":4},"end":{"line":82,"column":5}},{"start":{},"end":{}}]},"8":{"loc":{"start":{"line":87,"column":25},"end":{"line":87,"column":86}},"type":"binary-expr","locations":[{"start":{"line":87,"column":25},"end":{"line":87,"column":47}},{"start":{"line":87,"column":51},"end":{"line":87,"column":65}},{"start":{"line":87,"column":69},"end":{"line":87,"column":86}}]},"9":{"loc":{"start":{"line":103,"column":4},"end":{"line":112,"column":5}},"type":"if","locations":[{"start":{"line":103,"column":4},"end":{"line":112,"column":5}},{"start":{},"end":{}}]},"10":{"loc":{"start":{"line":107,"column":6},"end":{"line":111,"column":7}},"type":"if","locations":[{"start":{"line":107,"column":6},"end":{"line":111,"column":7}},{"start":{},"end":{}}]},"11":{"loc":{"start":{"line":128,"column":4},"end":{"line":130,"column":5}},"type":"if","locations":[{"start":{"line":128,"column":4},"end":{"line":130,"column":5}},{"start":{},"end":{}}]},"12":{"loc":{"start":{"line":129,"column":22},"end":{"line":129,"column":67}},"type":"binary-expr","locations":[{"start":{"line":129,"column":22},"end":{"line":129,"column":38}},{"start":{"line":129,"column":42},"end":{"line":129,"column":67}}]},"13":{"loc":{"start":{"line":197,"column":55},"end":{"line":197,"column":78}},"type":"binary-expr","locations":[{"start":{"line":197,"column":55},"end":{"line":197,"column":71}},{"start":{"line":197,"column":75},"end":{"line":197,"column":78}}]},"14":{"loc":{"start":{"line":200,"column":4},"end":{"line":209,"column":5}},"type":"if","locations":[{"start":{"line":200,"column":4},"end":{"line":209,"column":5}},{"start":{},"end":{}}]},"15":{"loc":{"start":{"line":222,"column":4},"end":{"line":224,"column":5}},"type":"if","locations":[{"start":{"line":222,"column":4},"end":{"line":224,"column":5}},{"start":{},"end":{}}]},"16":{"loc":{"start":{"line":229,"column":4},"end":{"line":231,"column":5}},"type":"if","locations":[{"start":{"line":229,"column":4},"end":{"line":231,"column":5}},{"start":{},"end":{}}]},"17":{"loc":{"start":{"line":236,"column":4},"end":{"line":238,"column":5}},"type":"if","locations":[{"start":{"line":236,"column":4},"end":{"line":238,"column":5}},{"start":{},"end":{}}]},"18":{"loc":{"start":{"line":243,"column":4},"end":{"line":245,"column":5}},"type":"if","locations":[{"start":{"line":243,"column":4},"end":{"line":245,"column":5}},{"start":{},"end":{}}]}},"s":{"0":0,"1":0,"2":0,"3":0,"4":0,"5":0,"6":0,"7":0,"8":0,"9":0,"10":0,"11":0,"12":0,"13":0,"14":0,"15":0,"16":0,"17":0,"18":0,"19":0,"20":0,"21":0,"22":0,"23":0,"24":0,"25":0,"26":0,"27":0,"28":0,"29":0,"30":0,"31":0,"32":0,"33":0,"34":0,"35":0,"36":0,"37":0,"38":0,"39":0,"40":0,"41":0,"42":0,"43":0,"44":0,"45":0,"46":0,"47":0,"48":0,"49":0,"50":0,"51":0,"52":0,"53":0,"54":0,"55":0,"56":0,"57":0,"58":0,"59":0,"60":0,"61":0,"62":0,"63":0,"64":0,"65":0,"66":0,"67":0,"68":0,"69":0,"70":0,"71":0,"72":0,"73":0,"74":0,"75":0},"f":{"0":0,"1":0},"b":{"0":[0,0],"1":[0],"2":[0,0],"3":[0,0,0],"4":[0,0],"5":[0,0],"6":[0,0],"7":[0,0],"8":[0,0,0],"9":[0,0],"10":[0,0],"11":[0,0],"12":[0,0],"13":[0,0],"14":[0,0],"15":[0,0],"16":[0,0],"17":[0,0],"18":[0,0]}}
,"D:\\RelaySoftware\\relay\\app\\api\\collections\\ai-call\\send-payment-link\\route.ts": {"path":"D:\\RelaySoftware\\relay\\app\\api\\collections\\ai-call\\send-payment-link\\route.ts","statementMap":{"0":{"start":{"line":31,"column":0},"end":{"line":31,"column":7}},"1":{"start":{"line":18,"column":0},"end":{"line":18,"column":56}},"2":{"start":{"line":19,"column":0},"end":{"line":19,"column":44}},"3":{"start":{"line":20,"column":0},"end":{"line":20,"column":48}},"4":{"start":{"line":21,"column":0},"end":{"line":21,"column":65}},"5":{"start":{"line":22,"column":0},"end":{"line":22,"column":55}},"6":{"start":{"line":23,"column":0},"end":{"line":23,"column":72}},"7":{"start":{"line":25,"column":13},"end":{"line":25,"column":39}},"8":{"start":{"line":32,"column":22},"end":{"line":32,"column":32}},"9":{"start":{"line":34,"column":4},"end":{"line":139,"column":5}},"10":{"start":{"line":36,"column":27},"end":{"line":36,"column":39}},"11":{"start":{"line":37,"column":8},"end":{"line":39,"column":9}},"12":{"start":{"line":38,"column":12},"end":{"line":38,"column":40}},"13":{"start":{"line":41,"column":8},"end":{"line":41,"column":84}},"14":{"start":{"line":44,"column":21},"end":{"line":44,"column":37}},"15":{"start":{"line":55,"column":12},"end":{"line":55,"column":16}},"16":{"start":{"line":57,"column":8},"end":{"line":59,"column":9}},"17":{"start":{"line":58,"column":12},"end":{"line":58,"column":99}},"18":{"start":{"line":62,"column":27},"end":{"line":62,"column":79}},"19":{"start":{"line":63,"column":8},"end":{"line":65,"column":9}},"20":{"start":{"line":64,"column":12},"end":{"line":64,"column":55}},"21":{"start":{"line":67,"column":24},"end":{"line":67,"column":41}},"22":{"start":{"line":70,"column":8},"end":{"line":72,"column":9}},"23":{"start":{"line":71,"column":12},"end":{"line":71,"column":77}},"24":{"start":{"line":75,"column":30},"end":{"line":75,"column":55}},"25":{"start":{"line":77,"column":8},"end":{"line":79,"column":9}},"26":{"start":{"line":78,"column":12},"end":{"line":78,"column":62}},"27":{"start":{"line":82,"column":8},"end":{"line":84,"column":9}},"28":{"start":{"line":83,"column":12},"end":{"line":83,"column":94}},"29":{"start":{"line":87,"column":23},"end":{"line":93,"column":10}},"30":{"start":{"line":95,"column":8},"end":{"line":97,"column":9}},"31":{"start":{"line":96,"column":12},"end":{"line":96,"column":75}},"32":{"start":{"line":100,"column":33},"end":{"line":104,"column":18}},"33":{"start":{"line":106,"column":8},"end":{"line":114,"column":9}},"34":{"start":{"line":107,"column":31},"end":{"line":107,"column":55}},"35":{"start":{"line":108,"column":12},"end":{"line":113,"column":15}},"36":{"start":{"line":116,"column":8},"end":{"line":121,"column":11}},"37":{"start":{"line":123,"column":25},"end":{"line":123,"column":47}},"38":{"start":{"line":124,"column":8},"end":{"line":124,"column":100}},"39":{"start":{"line":126,"column":8},"end":{"line":133,"column":11}},"40":{"start":{"line":136,"column":25},"end":{"line":136,"column":47}},"41":{"start":{"line":137,"column":8},"end":{"line":137,"column":112}},"42":{"start":{"line":138,"column":8},"end":{"line":138,"column":37}}},"fnMap":{"0":{"name":"POST","decl":{"start":{"line":31,"column":22},"end":{"line":31,"column":26}},"loc":{"start":{"line":31,"column":43},"end":{"line":140,"column":1}}}},"branchMap":{"0":{"loc":{"start":{"line":37,"column":8},"end":{"line":39,"column":9}},"type":"if","locations":[{"start":{"line":37,"column":8},"end":{"line":39,"column":9}},{"start":{},"end":{}}]},"1":{"loc":{"start":{"line":57,"column":8},"end":{"line":59,"column":9}},"type":"if","locations":[{"start":{"line":57,"column":8},"end":{"line":59,"column":9}},{"start":{},"end":{}}]},"2":{"loc":{"start":{"line":57,"column":12},"end":{"line":57,"column":53}},"type":"binary-expr","locations":[{"start":{"line":57,"column":12},"end":{"line":57,"column":22}},{"start":{"line":57,"column":26},"end":{"line":57,"column":34}},{"start":{"line":57,"column":38},"end":{"line":57,"column":53}}]},"3":{"loc":{"start":{"line":63,"column":8},"end":{"line":65,"column":9}},"type":"if","locations":[{"start":{"line":63,"column":8},"end":{"line":65,"column":9}},{"start":{},"end":{}}]},"4":{"loc":{"start":{"line":70,"column":8},"end":{"line":72,"column":9}},"type":"if","locations":[{"start":{"line":70,"column":8},"end":{"line":72,"column":9}},{"start":{},"end":{}}]},"5":{"loc":{"start":{"line":75,"column":30},"end":{"line":75,"column":55}},"type":"binary-expr","locations":[{"start":{"line":75,"column":30},"end":{"line":75,"column":36}},{"start":{"line":75,"column":40},"end":{"line":75,"column":55}}]},"6":{"loc":{"start":{"line":77,"column":8},"end":{"line":79,"column":9}},"type":"if","locations":[{"start":{"line":77,"column":8},"end":{"line":79,"column":9}},{"start":{},"end":{}}]},"7":{"loc":{"start":{"line":77,"column":12},"end":{"line":77,"column":48}},"type":"binary-expr","locations":[{"start":{"line":77,"column":12},"end":{"line":77,"column":26}},{"start":{"line":77,"column":30},"end":{"line":77,"column":48}}]},"8":{"loc":{"start":{"line":82,"column":8},"end":{"line":84,"column":9}},"type":"if","locations":[{"start":{"line":82,"column":8},"end":{"line":84,"column":9}},{"start":{},"end":{}}]},"9":{"loc":{"start":{"line":95,"column":8},"end":{"line":97,"column":9}},"type":"if","locations":[{"start":{"line":95,"column":8},"end":{"line":97,"column":9}},{"start":{},"end":{}}]},"10":{"loc":{"start":{"line":96,"column":28},"end":{"line":96,"column":73}},"type":"binary-expr","locations":[{"start":{"line":96,"column":28},"end":{"line":96,"column":40}},{"start":{"line":96,"column":44},"end":{"line":96,"column":73}}]},"11":{"loc":{"start":{"line":106,"column":8},"end":{"line":114,"column":9}},"type":"if","locations":[{"start":{"line":106,"column":8},"end":{"line":114,"column":9}},{"start":{},"end":{}}]},"12":{"loc":{"start":{"line":111,"column":37},"end":{"line":111,"column":91}},"type":"cond-expr","locations":[{"start":{"line":111,"column":71},"end":{"line":111,"column":84}},{"start":{"line":111,"column":87},"end":{"line":111,"column":91}}]},"13":{"loc":{"start":{"line":137,"column":77},"end":{"line":137,"column":100}},"type":"binary-expr","locations":[{"start":{"line":137,"column":77},"end":{"line":137,"column":93}},{"start":{"line":137,"column":97},"end":{"line":137,"column":100}}]}},"s":{"0":0,"1":0,"2":0,"3":0,"4":0,"5":0,"6":0,"7":0,"8":0,"9":0,"10":0,"11":0,"12":0,"13":0,"14":0,"15":0,"16":0,"17":0,"18":0,"19":0,"20":0,"21":0,"22":0,"23":0,"24":0,"25":0,"26":0,"27":0,"28":0,"29":0,"30":0,"31":0,"32":0,"33":0,"34":0,"35":0,"36":0,"37":0,"38":0,"39":0,"40":0,"41":0,"42":0},"f":{"0":0},"b":{"0":[0,0],"1":[0,0],"2":[0,0,0],"3":[0,0],"4":[0,0],"5":[0,0],"6":[0,0],"7":[0,0],"8":[0,0],"9":[0,0],"10":[0,0],"11":[0,0],"12":[0,0],"13":[0,0]}}
,"D:\\RelaySoftware\\relay\\app\\api\\collections\\letter\\route.ts": {"path":"D:\\RelaySoftware\\relay\\app\\api\\collections\\letter\\route.ts","statementMap":{"0":{"start":{"line":25,"column":0},"end":{"line":25,"column":7}},"1":{"start":{"line":9,"column":0},"end":{"line":9,"column":56}},"2":{"start":{"line":10,"column":0},"end":{"line":10,"column":44}},"3":{"start":{"line":11,"column":0},"end":{"line":11,"column":48}},"4":{"start":{"line":13,"column":0},"end":{"line":13,"column":84}},"5":{"start":{"line":14,"column":0},"end":{"line":14,"column":90}},"6":{"start":{"line":15,"column":0},"end":{"line":15,"column":67}},"7":{"start":{"line":16,"column":0},"end":{"line":16,"column":55}},"8":{"start":{"line":17,"column":0},"end":{"line":17,"column":72}},"9":{"start":{"line":19,"column":13},"end":{"line":19,"column":39}},"10":{"start":{"line":26,"column":20},"end":{"line":26,"column":30}},"11":{"start":{"line":28,"column":2},"end":{"line":236,"column":3}},"12":{"start":{"line":30,"column":23},"end":{"line":30,"column":35}},"13":{"start":{"line":31,"column":4},"end":{"line":33,"column":5}},"14":{"start":{"line":32,"column":6},"end":{"line":32,"column":34}},"15":{"start":{"line":35,"column":4},"end":{"line":35,"column":61}},"16":{"start":{"line":38,"column":4},"end":{"line":38,"column":59}},"17":{"start":{"line":41,"column":4},"end":{"line":41,"column":76}},"18":{"start":{"line":44,"column":17},"end":{"line":44,"column":33}},"19":{"start":{"line":55,"column":8},"end":{"line":55,"column":12}},"20":{"start":{"line":57,"column":4},"end":{"line":59,"column":5}},"21":{"start":{"line":58,"column":6},"end":{"line":58,"column":86}},"22":{"start":{"line":62,"column":4},"end":{"line":69,"column":5}},"23":{"start":{"line":68,"column":6},"end":{"line":68,"column":62}},"24":{"start":{"line":72,"column":23},"end":{"line":72,"column":75}},"25":{"start":{"line":73,"column":4},"end":{"line":75,"column":5}},"26":{"start":{"line":74,"column":6},"end":{"line":74,"column":49}},"27":{"start":{"line":77,"column":20},"end":{"line":77,"column":48}},"28":{"start":{"line":80,"column":4},"end":{"line":82,"column":5}},"29":{"start":{"line":81,"column":6},"end":{"line":81,"column":71}},"30":{"start":{"line":85,"column":4},"end":{"line":87,"column":5}},"31":{"start":{"line":86,"column":6},"end":{"line":86,"column":57}},"32":{"start":{"line":91,"column":20},"end":{"line":91,"column":66}},"33":{"start":{"line":92,"column":21},"end":{"line":92,"column":35}},"34":{"start":{"line":93,"column":25},"end":{"line":93,"column":86}},"35":{"start":{"line":96,"column":24},"end":{"line":96,"column":49}},"36":{"start":{"line":99,"column":4},"end":{"line":103,"column":5}},"37":{"start":{"line":100,"column":6},"end":{"line":102,"column":8}},"38":{"start":{"line":106,"column":28},"end":{"line":113,"column":32}},"39":{"start":{"line":116,"column":24},"end":{"line":117,"column":null}},"40":{"start":{"line":121,"column":4},"end":{"line":125,"column":5}},"41":{"start":{"line":122,"column":6},"end":{"line":124,"column":8}},"42":{"start":{"line":128,"column":25},"end":{"line":141,"column":6}},"43":{"start":{"line":143,"column":4},"end":{"line":145,"column":5}},"44":{"start":{"line":144,"column":6},"end":{"line":144,"column":69}},"45":{"start":{"line":148,"column":23},"end":{"line":148,"column":65}},"46":{"start":{"line":149,"column":4},"end":{"line":180,"column":7}},"47":{"start":{"line":183,"column":4},"end":{"line":186,"column":7}},"48":{"start":{"line":189,"column":17},"end":{"line":189,"column":51}},"49":{"start":{"line":192,"column":4},"end":{"line":197,"column":7}},"50":{"start":{"line":199,"column":4},"end":{"line":204,"column":7}},"51":{"start":{"line":206,"column":21},"end":{"line":206,"column":43}},"52":{"start":{"line":207,"column":4},"end":{"line":207,"column":77}},"53":{"start":{"line":209,"column":4},"end":{"line":217,"column":7}},"54":{"start":{"line":220,"column":21},"end":{"line":220,"column":43}},"55":{"start":{"line":221,"column":4},"end":{"line":221,"column":89}},"56":{"start":{"line":224,"column":4},"end":{"line":233,"column":5}},"57":{"start":{"line":225,"column":6},"end":{"line":232,"column":8}},"58":{"start":{"line":235,"column":4},"end":{"line":235,"column":33}}},"fnMap":{"0":{"name":"POST","decl":{"start":{"line":25,"column":22},"end":{"line":25,"column":26}},"loc":{"start":{"line":25,"column":43},"end":{"line":237,"column":1}}}},"branchMap":{"0":{"loc":{"start":{"line":31,"column":4},"end":{"line":33,"column":5}},"type":"if","locations":[{"start":{"line":31,"column":4},"end":{"line":33,"column":5}},{"start":{},"end":{}}]},"1":{"loc":{"start":{"line":48,"column":6},"end":{"line":48,"column":25}},"type":"default-arg","locations":[{"start":{"line":48,"column":17},"end":{"line":48,"column":25}}]},"2":{"loc":{"start":{"line":49,"column":6},"end":{"line":49,"column":27}},"type":"default-arg","locations":[{"start":{"line":49,"column":22},"end":{"line":49,"column":27}}]},"3":{"loc":{"start":{"line":57,"column":4},"end":{"line":59,"column":5}},"type":"if","locations":[{"start":{"line":57,"column":4},"end":{"line":59,"column":5}},{"start":{},"end":{}}]},"4":{"loc":{"start":{"line":57,"column":8},"end":{"line":57,"column":39}},"type":"binary-expr","locations":[{"start":{"line":57,"column":8},"end":{"line":57,"column":18}},{"start":{"line":57,"column":22},"end":{"line":57,"column":39}}]},"5":{"loc":{"start":{"line":62,"column":4},"end":{"line":69,"column":5}},"type":"if","locations":[{"start":{"line":62,"column":4},"end":{"line":69,"column":5}},{"start":{},"end":{}}]},"6":{"loc":{"start":{"line":63,"column":6},"end":{"line":66,"column":32}},"type":"binary-expr","locations":[{"start":{"line":63,"column":6},"end":{"line":63,"column":37}},{"start":{"line":64,"column":6},"end":{"line":64,"column":29}},{"start":{"line":65,"column":6},"end":{"line":65,"column":28}},{"start":{"line":66,"column":6},"end":{"line":66,"column":32}}]},"7":{"loc":{"start":{"line":73,"column":4},"end":{"line":75,"column":5}},"type":"if","locations":[{"start":{"line":73,"column":4},"end":{"line":75,"column":5}},{"start":{},"end":{}}]},"8":{"loc":{"start":{"line":80,"column":4},"end":{"line":82,"column":5}},"type":"if","locations":[{"start":{"line":80,"column":4},"end":{"line":82,"column":5}},{"start":{},"end":{}}]},"9":{"loc":{"start":{"line":85,"column":4},"end":{"line":87,"column":5}},"type":"if","locations":[{"start":{"line":85,"column":4},"end":{"line":87,"column":5}},{"start":{},"end":{}}]},"10":{"loc":{"start":{"line":93,"column":25},"end":{"line":93,"column":86}},"type":"binary-expr","locations":[{"start":{"line":93,"column":25},"end":{"line":93,"column":47}},{"start":{"line":93,"column":51},"end":{"line":93,"column":65}},{"start":{"line":93,"column":69},"end":{"line":93,"column":86}}]},"11":{"loc":{"start":{"line":99,"column":4},"end":{"line":103,"column":5}},"type":"if","locations":[{"start":{"line":99,"column":4},"end":{"line":103,"column":5}},{"start":{},"end":{}}]},"12":{"loc":{"start":{"line":99,"column":8},"end":{"line":99,"column":95}},"type":"binary-expr","locations":[{"start":{"line":99,"column":8},"end":{"line":99,"column":20}},{"start":{"line":99,"column":24},"end":{"line":99,"column":49}},{"start":{"line":99,"column":53},"end":{"line":99,"column":70}},{"start":{"line":99,"column":74},"end":{"line":99,"column":95}}]},"13":{"loc":{"start":{"line":107,"column":6},"end":{"line":107,"column":45}},"type":"binary-expr","locations":[{"start":{"line":107,"column":6},"end":{"line":107,"column":29}},{"start":{"line":107,"column":33},"end":{"line":107,"column":45}}]},"14":{"loc":{"start":{"line":112,"column":6},"end":{"line":112,"column":45}},"type":"binary-expr","locations":[{"start":{"line":112,"column":6},"end":{"line":112,"column":25}},{"start":{"line":112,"column":29},"end":{"line":112,"column":45}}]},"15":{"loc":{"start":{"line":121,"column":4},"end":{"line":125,"column":5}},"type":"if","locations":[{"start":{"line":121,"column":4},"end":{"line":125,"column":5}},{"start":{},"end":{}}]},"16":{"loc":{"start":{"line":121,"column":8},"end":{"line":121,"column":46}},"type":"binary-expr","locations":[{"start":{"line":121,"column":8},"end":{"line":121,"column":26}},{"start":{"line":121,"column":30},"end":{"line":121,"column":46}}]},"17":{"loc":{"start":{"line":143,"column":4},"end":{"line":145,"column":5}},"type":"if","locations":[{"start":{"line":143,"column":4},"end":{"line":145,"column":5}},{"start":{},"end":{}}]},"18":{"loc":{"start":{"line":144,"column":22},"end":{"line":144,"column":67}},"type":"binary-expr","locations":[{"start":{"line":144,"column":22},"end":{"line":144,"column":40}},{"start":{"line":144,"column":44},"end":{"line":144,"column":67}}]},"19":{"loc":{"start":{"line":172,"column":30},"end":{"line":174,"column":14}},"type":"cond-expr","locations":[{"start":{"line":173,"column":10},"end":{"line":173,"column":53}},{"start":{"line":174,"column":10},"end":{"line":174,"column":14}}]},"20":{"loc":{"start":{"line":189,"column":17},"end":{"line":189,"column":51}},"type":"cond-expr","locations":[{"start":{"line":189,"column":33},"end":{"line":189,"column":44}},{"start":{"line":189,"column":47},"end":{"line":189,"column":51}}]},"21":{"loc":{"start":{"line":221,"column":54},"end":{"line":221,"column":77}},"type":"binary-expr","locations":[{"start":{"line":221,"column":54},"end":{"line":221,"column":70}},{"start":{"line":221,"column":74},"end":{"line":221,"column":77}}]},"22":{"loc":{"start":{"line":224,"column":4},"end":{"line":233,"column":5}},"type":"if","locations":[{"start":{"line":224,"column":4},"end":{"line":233,"column":5}},{"start":{},"end":{}}]}},"s":{"0":0,"1":0,"2":0,"3":0,"4":0,"5":0,"6":0,"7":0,"8":0,"9":0,"10":0,"11":0,"12":0,"13":0,"14":0,"15":0,"16":0,"17":0,"18":0,"19":0,"20":0,"21":0,"22":0,"23":0,"24":0,"25":0,"26":0,"27":0,"28":0,"29":0,"30":0,"31":0,"32":0,"33":0,"34":0,"35":0,"36":0,"37":0,"38":0,"39":0,"40":0,"41":0,"42":0,"43":0,"44":0,"45":0,"46":0,"47":0,"48":0,"49":0,"50":0,"51":0,"52":0,"53":0,"54":0,"55":0,"56":0,"57":0,"58":0},"f":{"0":0},"b":{"0":[0,0],"1":[0],"2":[0],"3":[0,0],"4":[0,0],"5":[0,0],"6":[0,0,0,0],"7":[0,0],"8":[0,0],"9":[0,0],"10":[0,0,0],"11":[0,0],"12":[0,0,0,0],"13":[0,0],"14":[0,0],"15":[0,0],"16":[0,0],"17":[0,0],"18":[0,0],"19":[0,0],"20":[0,0],"21":[0,0],"22":[0,0]}}
,"D:\\RelaySoftware\\relay\\app\\api\\collections\\quota\\route.ts": {"path":"D:\\RelaySoftware\\relay\\app\\api\\collections\\quota\\route.ts","statementMap":{"0":{"start":{"line":13,"column":0},"end":{"line":13,"column":7}},"1":{"start":{"line":1,"column":0},"end":{"line":1,"column":56}},"2":{"start":{"line":2,"column":0},"end":{"line":2,"column":44}},"3":{"start":{"line":3,"column":0},"end":{"line":3,"column":70}},"4":{"start":{"line":4,"column":0},"end":{"line":4,"column":55}},"5":{"start":{"line":5,"column":0},"end":{"line":5,"column":63}},"6":{"start":{"line":7,"column":13},"end":{"line":7,"column":39}},"7":{"start":{"line":14,"column":20},"end":{"line":14,"column":30}},"8":{"start":{"line":16,"column":2},"end":{"line":43,"column":3}},"9":{"start":{"line":18,"column":23},"end":{"line":18,"column":35}},"10":{"start":{"line":19,"column":4},"end":{"line":21,"column":5}},"11":{"start":{"line":20,"column":6},"end":{"line":20,"column":34}},"12":{"start":{"line":23,"column":4},"end":{"line":23,"column":59}},"13":{"start":{"line":26,"column":18},"end":{"line":26,"column":53}},"14":{"start":{"line":29,"column":21},"end":{"line":29,"column":43}},"15":{"start":{"line":30,"column":4},"end":{"line":30,"column":75}},"16":{"start":{"line":32,"column":4},"end":{"line":38,"column":7}},"17":{"start":{"line":40,"column":21},"end":{"line":40,"column":43}},"18":{"start":{"line":41,"column":4},"end":{"line":41,"column":67}},"19":{"start":{"line":42,"column":4},"end":{"line":42,"column":33}}},"fnMap":{"0":{"name":"GET","decl":{"start":{"line":13,"column":22},"end":{"line":13,"column":25}},"loc":{"start":{"line":13,"column":42},"end":{"line":44,"column":1}}}},"branchMap":{"0":{"loc":{"start":{"line":19,"column":4},"end":{"line":21,"column":5}},"type":"if","locations":[{"start":{"line":19,"column":4},"end":{"line":21,"column":5}},{"start":{},"end":{}}]}},"s":{"0":0,"1":0,"2":0,"3":0,"4":0,"5":0,"6":0,"7":0,"8":0,"9":0,"10":0,"11":0,"12":0,"13":0,"14":0,"15":0,"16":0,"17":0,"18":0,"19":0},"f":{"0":0},"b":{"0":[0,0]}}
,"D:\\RelaySoftware\\relay\\app\\api\\collections\\sms\\route.ts": {"path":"D:\\RelaySoftware\\relay\\app\\api\\collections\\sms\\route.ts","statementMap":{"0":{"start":{"line":25,"column":0},"end":{"line":25,"column":7}},"1":{"start":{"line":9,"column":0},"end":{"line":9,"column":56}},"2":{"start":{"line":10,"column":0},"end":{"line":10,"column":44}},"3":{"start":{"line":11,"column":0},"end":{"line":11,"column":48}},"4":{"start":{"line":13,"column":0},"end":{"line":13,"column":66}},"5":{"start":{"line":14,"column":0},"end":{"line":14,"column":90}},"6":{"start":{"line":15,"column":0},"end":{"line":15,"column":67}},"7":{"start":{"line":16,"column":0},"end":{"line":16,"column":55}},"8":{"start":{"line":17,"column":0},"end":{"line":17,"column":72}},"9":{"start":{"line":19,"column":13},"end":{"line":19,"column":39}},"10":{"start":{"line":26,"column":20},"end":{"line":26,"column":30}},"11":{"start":{"line":28,"column":2},"end":{"line":174,"column":3}},"12":{"start":{"line":30,"column":23},"end":{"line":30,"column":35}},"13":{"start":{"line":31,"column":4},"end":{"line":33,"column":5}},"14":{"start":{"line":32,"column":6},"end":{"line":32,"column":34}},"15":{"start":{"line":35,"column":4},"end":{"line":35,"column":58}},"16":{"start":{"line":38,"column":4},"end":{"line":38,"column":56}},"17":{"start":{"line":41,"column":4},"end":{"line":41,"column":66}},"18":{"start":{"line":44,"column":17},"end":{"line":44,"column":33}},"19":{"start":{"line":53,"column":8},"end":{"line":53,"column":12}},"20":{"start":{"line":55,"column":4},"end":{"line":57,"column":5}},"21":{"start":{"line":56,"column":6},"end":{"line":56,"column":84}},"22":{"start":{"line":60,"column":23},"end":{"line":60,"column":75}},"23":{"start":{"line":61,"column":4},"end":{"line":63,"column":5}},"24":{"start":{"line":62,"column":6},"end":{"line":62,"column":49}},"25":{"start":{"line":65,"column":20},"end":{"line":65,"column":48}},"26":{"start":{"line":68,"column":4},"end":{"line":70,"column":5}},"27":{"start":{"line":69,"column":6},"end":{"line":69,"column":71}},"28":{"start":{"line":73,"column":4},"end":{"line":75,"column":5}},"29":{"start":{"line":74,"column":6},"end":{"line":74,"column":57}},"30":{"start":{"line":78,"column":20},"end":{"line":78,"column":66}},"31":{"start":{"line":79,"column":25},"end":{"line":79,"column":98}},"32":{"start":{"line":82,"column":24},"end":{"line":83,"column":null}},"33":{"start":{"line":87,"column":22},"end":{"line":97,"column":6}},"34":{"start":{"line":99,"column":4},"end":{"line":101,"column":5}},"35":{"start":{"line":100,"column":6},"end":{"line":100,"column":63}},"36":{"start":{"line":104,"column":23},"end":{"line":104,"column":65}},"37":{"start":{"line":105,"column":4},"end":{"line":124,"column":7}},"38":{"start":{"line":127,"column":4},"end":{"line":130,"column":7}},"39":{"start":{"line":133,"column":4},"end":{"line":138,"column":7}},"40":{"start":{"line":140,"column":4},"end":{"line":144,"column":7}},"41":{"start":{"line":146,"column":21},"end":{"line":146,"column":43}},"42":{"start":{"line":147,"column":4},"end":{"line":147,"column":74}},"43":{"start":{"line":149,"column":4},"end":{"line":155,"column":7}},"44":{"start":{"line":158,"column":21},"end":{"line":158,"column":43}},"45":{"start":{"line":159,"column":4},"end":{"line":159,"column":86}},"46":{"start":{"line":162,"column":4},"end":{"line":171,"column":5}},"47":{"start":{"line":163,"column":6},"end":{"line":170,"column":8}},"48":{"start":{"line":173,"column":4},"end":{"line":173,"column":33}}},"fnMap":{"0":{"name":"POST","decl":{"start":{"line":25,"column":22},"end":{"line":25,"column":26}},"loc":{"start":{"line":25,"column":43},"end":{"line":175,"column":1}}}},"branchMap":{"0":{"loc":{"start":{"line":31,"column":4},"end":{"line":33,"column":5}},"type":"if","locations":[{"start":{"line":31,"column":4},"end":{"line":33,"column":5}},{"start":{},"end":{}}]},"1":{"loc":{"start":{"line":48,"column":6},"end":{"line":48,"column":34}},"type":"default-arg","locations":[{"start":{"line":48,"column":17},"end":{"line":48,"column":34}}]},"2":{"loc":{"start":{"line":55,"column":4},"end":{"line":57,"column":5}},"type":"if","locations":[{"start":{"line":55,"column":4},"end":{"line":57,"column":5}},{"start":{},"end":{}}]},"3":{"loc":{"start":{"line":55,"column":8},"end":{"line":55,"column":37}},"type":"binary-expr","locations":[{"start":{"line":55,"column":8},"end":{"line":55,"column":18}},{"start":{"line":55,"column":22},"end":{"line":55,"column":37}}]},"4":{"loc":{"start":{"line":61,"column":4},"end":{"line":63,"column":5}},"type":"if","locations":[{"start":{"line":61,"column":4},"end":{"line":63,"column":5}},{"start":{},"end":{}}]},"5":{"loc":{"start":{"line":68,"column":4},"end":{"line":70,"column":5}},"type":"if","locations":[{"start":{"line":68,"column":4},"end":{"line":70,"column":5}},{"start":{},"end":{}}]},"6":{"loc":{"start":{"line":73,"column":4},"end":{"line":75,"column":5}},"type":"if","locations":[{"start":{"line":73,"column":4},"end":{"line":75,"column":5}},{"start":{},"end":{}}]},"7":{"loc":{"start":{"line":79,"column":25},"end":{"line":79,"column":98}},"type":"binary-expr","locations":[{"start":{"line":79,"column":25},"end":{"line":79,"column":53}},{"start":{"line":79,"column":57},"end":{"line":79,"column":77}},{"start":{"line":79,"column":81},"end":{"line":79,"column":98}}]},"8":{"loc":{"start":{"line":99,"column":4},"end":{"line":101,"column":5}},"type":"if","locations":[{"start":{"line":99,"column":4},"end":{"line":101,"column":5}},{"start":{},"end":{}}]},"9":{"loc":{"start":{"line":100,"column":22},"end":{"line":100,"column":61}},"type":"binary-expr","locations":[{"start":{"line":100,"column":22},"end":{"line":100,"column":37}},{"start":{"line":100,"column":41},"end":{"line":100,"column":61}}]},"10":{"loc":{"start":{"line":159,"column":51},"end":{"line":159,"column":74}},"type":"binary-expr","locations":[{"start":{"line":159,"column":51},"end":{"line":159,"column":67}},{"start":{"line":159,"column":71},"end":{"line":159,"column":74}}]},"11":{"loc":{"start":{"line":162,"column":4},"end":{"line":171,"column":5}},"type":"if","locations":[{"start":{"line":162,"column":4},"end":{"line":171,"column":5}},{"start":{},"end":{}}]}},"s":{"0":0,"1":0,"2":0,"3":0,"4":0,"5":0,"6":0,"7":0,"8":0,"9":0,"10":0,"11":0,"12":0,"13":0,"14":0,"15":0,"16":0,"17":0,"18":0,"19":0,"20":0,"21":0,"22":0,"23":0,"24":0,"25":0,"26":0,"27":0,"28":0,"29":0,"30":0,"31":0,"32":0,"33":0,"34":0,"35":0,"36":0,"37":0,"38":0,"39":0,"40":0,"41":0,"42":0,"43":0,"44":0,"45":0,"46":0,"47":0,"48":0},"f":{"0":0},"b":{"0":[0,0],"1":[0],"2":[0,0],"3":[0,0],"4":[0,0],"5":[0,0],"6":[0,0],"7":[0,0,0],"8":[0,0],"9":[0,0],"10":[0,0],"11":[0,0]}}
,"D:\\RelaySoftware\\relay\\app\\api\\cron\\analyze-behavior\\route.ts": {"path":"D:\\RelaySoftware\\relay\\app\\api\\cron\\analyze-behavior\\route.ts","statementMap":{"0":{"start":{"line":17,"column":0},"end":{"line":17,"column":7}},"1":{"start":{"line":1,"column":0},"end":{"line":1,"column":56}},"2":{"start":{"line":2,"column":0},"end":{"line":2,"column":60}},"3":{"start":{"line":3,"column":0},"end":{"line":3,"column":73}},"4":{"start":{"line":4,"column":0},"end":{"line":4,"column":51}},"5":{"start":{"line":6,"column":13},"end":{"line":6,"column":39}},"6":{"start":{"line":18,"column":20},"end":{"line":18,"column":30}},"7":{"start":{"line":20,"column":2},"end":{"line":132,"column":3}},"8":{"start":{"line":22,"column":23},"end":{"line":22,"column":59}},"9":{"start":{"line":23,"column":4},"end":{"line":25,"column":5}},"10":{"start":{"line":24,"column":6},"end":{"line":24,"column":75}},"11":{"start":{"line":27,"column":4},"end":{"line":27,"column":51}},"12":{"start":{"line":30,"column":26},"end":{"line":30,"column":36}},"13":{"start":{"line":31,"column":4},"end":{"line":31,"column":56}},"14":{"start":{"line":33,"column":23},"end":{"line":37,"column":12}},"15":{"start":{"line":39,"column":4},"end":{"line":39,"column":64}},"16":{"start":{"line":41,"column":19},"end":{"line":41,"column":20}},"17":{"start":{"line":42,"column":17},"end":{"line":42,"column":18}},"18":{"start":{"line":45,"column":22},"end":{"line":45,"column":24}},"19":{"start":{"line":46,"column":20},"end":{"line":46,"column":56}},"20":{"start":{"line":46,"column":49},"end":{"line":46,"column":55}},"21":{"start":{"line":48,"column":4},"end":{"line":101,"column":5}},"22":{"start":{"line":48,"column":17},"end":{"line":48,"column":18}},"23":{"start":{"line":49,"column":20},"end":{"line":49,"column":51}},"24":{"start":{"line":51,"column":6},"end":{"line":100,"column":8}},"25":{"start":{"line":53,"column":10},"end":{"line":98,"column":11}},"26":{"start":{"line":55,"column":29},"end":{"line":55,"column":62}},"27":{"start":{"line":58,"column":12},"end":{"line":92,"column":14}},"28":{"start":{"line":94,"column":12},"end":{"line":94,"column":23}},"29":{"start":{"line":96,"column":12},"end":{"line":96,"column":64}},"30":{"start":{"line":97,"column":12},"end":{"line":97,"column":21}},"31":{"start":{"line":104,"column":18},"end":{"line":104,"column":56}},"32":{"start":{"line":105,"column":4},"end":{"line":111,"column":7}},"33":{"start":{"line":113,"column":21},"end":{"line":113,"column":43}},"34":{"start":{"line":114,"column":4},"end":{"line":118,"column":7}},"35":{"start":{"line":120,"column":4},"end":{"line":125,"column":7}},"36":{"start":{"line":127,"column":4},"end":{"line":127,"column":57}},"37":{"start":{"line":128,"column":4},"end":{"line":131,"column":6}}},"fnMap":{"0":{"name":"POST","decl":{"start":{"line":17,"column":22},"end":{"line":17,"column":26}},"loc":{"start":{"line":17,"column":47},"end":{"line":133,"column":1}}},"1":{"name":"(anonymous_1)","decl":{"start":{"line":46,"column":40},"end":{"line":46,"column":41}},"loc":{"start":{"line":46,"column":49},"end":{"line":46,"column":55}}},"2":{"name":"(anonymous_2)","decl":{"start":{"line":52,"column":18},"end":{"line":52,"column":23}},"loc":{"start":{"line":52,"column":35},"end":{"line":99,"column":9}}}},"branchMap":{"0":{"loc":{"start":{"line":23,"column":4},"end":{"line":25,"column":5}},"type":"if","locations":[{"start":{"line":23,"column":4},"end":{"line":25,"column":5}},{"start":{},"end":{}}]}},"s":{"0":0,"1":0,"2":0,"3":0,"4":0,"5":0,"6":0,"7":0,"8":0,"9":0,"10":0,"11":0,"12":0,"13":0,"14":0,"15":0,"16":0,"17":0,"18":0,"19":0,"20":0,"21":0,"22":0,"23":0,"24":0,"25":0,"26":0,"27":0,"28":0,"29":0,"30":0,"31":0,"32":0,"33":0,"34":0,"35":0,"36":0,"37":0},"f":{"0":0,"1":0,"2":0},"b":{"0":[0,0]}}
[...]
2},"end":{"line":146,"column":54}},"81":{"start":{"line":150,"column":2},"end":{"line":154,"column":29}},"82":{"start":{"line":160,"column":24},"end":{"line":160,"column":26}},"83":{"start":{"line":161,"column":2},"end":{"line":163,"column":3}},"84":{"start":{"line":161,"column":15},"end":{"line":161,"column":16}},"85":{"start":{"line":162,"column":4},"end":{"line":162,"column":42}},"86":{"start":{"line":164,"column":2},"end":{"line":164,"column":16}},"87":{"start":{"line":168,"column":2},"end":{"line":168,"column":29}},"88":{"start":{"line":177,"column":17},"end":{"line":177,"column":33}},"89":{"start":{"line":178,"column":2},"end":{"line":182,"column":5}},"90":{"start":{"line":179,"column":4},"end":{"line":181,"column":5}},"91":{"start":{"line":180,"column":6},"end":{"line":180,"column":29}},"92":{"start":{"line":183,"column":2},"end":{"line":183,"column":16}},"93":{"start":{"line":190,"column":17},"end":{"line":190,"column":27}},"94":{"start":{"line":191,"column":2},"end":{"line":193,"column":5}},"95":{"start":{"line":192,"column":4},"end":{"line":192,"column":23}},"96":{"start":{"line":194,"column":2},"end":{"line":194,"column":16}},"97":{"start":{"line":200,"column":2},"end":{"line":200,"column":59}},"98":{"start":{"line":200,"column":34},"end":{"line":200,"column":57}},"99":{"start":{"line":208,"column":2},"end":{"line":214,"column":3}},"100":{"start":{"line":209,"column":4},"end":{"line":209,"column":22}},"101":{"start":{"line":211,"column":4},"end":{"line":211,"column":35}},"102":{"start":{"line":211,"column":23},"end":{"line":211,"column":35}},"103":{"start":{"line":212,"column":4},"end":{"line":212,"column":23}},"104":{"start":{"line":213,"column":4},"end":{"line":213,"column":45}}},"fnMap":{"0":{"name":"formatDate","decl":{"start":{"line":7,"column":16},"end":{"line":7,"column":26}},"loc":{"start":{"line":7,"column":82},"end":{"line":10,"column":1}}},"1":{"name":"formatDateTime","decl":{"start":{"line":12,"column":16},"end":{"line":12,"column":30}},"loc":{"start":{"line":12,"column":50},"end":{"line":14,"column":1}}},"2":{"name":"getDaysAgo","decl":{"start":{"line":16,"column":16},"end":{"line":16,"column":26}},"loc":{"start":{"line":16,"column":46},"end":{"line":21,"column":1}}},"3":{"name":"getDaysBetween","decl":{"start":{"line":23,"column":16},"end":{"line":23,"column":30}},"loc":{"start":{"line":23,"column":61},"end":{"line":26,"column":1}}},"4":{"name":"addDays","decl":{"start":{"line":28,"column":16},"end":{"line":28,"column":23}},"loc":{"start":{"line":28,"column":48},"end":{"line":32,"column":1}}},"5":{"name":"formatCurrency","decl":{"start":{"line":36,"column":16},"end":{"line":36,"column":30}},"loc":{"start":{"line":36,"column":71},"end":{"line":39,"column":1}}},"6":{"name":"parseCurrency","decl":{"start":{"line":41,"column":16},"end":{"line":41,"column":29}},"loc":{"start":{"line":41,"column":44},"end":{"line":43,"column":1}}},"7":{"name":"generateInvoiceReference","decl":{"start":{"line":47,"column":16},"end":{"line":47,"column":40}},"loc":{"start":{"line":47,"column":40},"end":{"line":51,"column":1}}},"8":{"name":"getEncryptionKey","decl":{"start":{"line":61,"column":9},"end":{"line":61,"column":25}},"loc":{"start":{"line":61,"column":25},"end":{"line":75,"column":1}}},"9":{"name":"encrypt","decl":{"start":{"line":77,"column":16},"end":{"line":77,"column":23}},"loc":{"start":{"line":77,"column":36},"end":{"line":89,"column":1}}},"10":{"name":"decrypt","decl":{"start":{"line":91,"column":16},"end":{"line":91,"column":23}},"loc":{"start":{"line":91,"column":45},"end":{"line":110,"column":1}}},"11":{"name":"generateSecureToken","decl":{"start":{"line":114,"column":16},"end":{"line":114,"column":35}},"loc":{"start":{"line":114,"column":55},"end":{"line":116,"column":1}}},"12":{"name":"generateReferralCode","decl":{"start":{"line":118,"column":16},"end":{"line":118,"column":36}},"loc":{"start":{"line":118,"column":36},"end":{"line":120,"column":1}}},"13":{"name":"isValidEmail","decl":{"start":{"line":124,"column":16},"end":{"line":124,"column":28}},"loc":{"start":{"line":124,"column":42},"end":{"line":127,"column":1}}},"14":{"name":"isValidUKSortCode","decl":{"start":{"line":129,"column":16},"end":{"line":129,"column":33}},"loc":{"start":{"line":129,"column":50},"end":{"line":132,"column":1}}},"15":{"name":"isValidUKAccountNumber","decl":{"start":{"line":134,"column":16},"end":{"line":134,"column":38}},"loc":{"start":{"line":134,"column":60},"end":{"line":136,"column":1}}},"16":{"name":"truncate","decl":{"start":{"line":140,"column":16},"end":{"line":140,"column":24}},"loc":{"start":{"line":140,"column":56},"end":{"line":143,"column":1}}},"17":{"name":"capitalizeFirst","decl":{"start":{"line":145,"column":16},"end":{"line":145,"column":31}},"loc":{"start":{"line":145,"column":44},"end":{"line":147,"column":1}}},"18":{"name":"slugify","decl":{"start":{"line":149,"column":16},"end":{"line":149,"column":23}},"loc":{"start":{"line":149,"column":36},"end":{"line":155,"column":1}}},"19":{"name":"chunk","decl":{"start":{"line":159,"column":16},"end":{"line":159,"column":21}},"loc":{"start":{"line":159,"column":49},"end":{"line":165,"column":1}}},"20":{"name":"unique","decl":{"start":{"line":167,"column":16},"end":{"line":167,"column":22}},"loc":{"start":{"line":167,"column":36},"end":{"line":169,"column":1}}},"21":{"name":"pick","decl":{"start":{"line":173,"column":16},"end":{"line":173,"column":20}},"loc":{"start":{"line":175,"column":11},"end":{"line":184,"column":1}}},"22":{"name":"(anonymous_23)","decl":{"start":{"line":178,"column":15},"end":{"line":178,"column":16}},"loc":{"start":{"line":178,"column":23},"end":{"line":182,"column":3}}},"23":{"name":"omit","decl":{"start":{"line":186,"column":16},"end":{"line":186,"column":20}},"loc":{"start":{"line":188,"column":11},"end":{"line":195,"column":1}}},"24":{"name":"(anonymous_25)","decl":{"start":{"line":191,"column":15},"end":{"line":191,"column":16}},"loc":{"start":{"line":191,"column":23},"end":{"line":193,"column":3}}},"25":{"name":"sleep","decl":{"start":{"line":199,"column":16},"end":{"line":199,"column":21}},"loc":{"start":{"line":199,"column":32},"end":{"line":201,"column":1}}},"26":{"name":"(anonymous_27)","decl":{"start":{"line":200,"column":21},"end":{"line":200,"column":22}},"loc":{"start":{"line":200,"column":34},"end":{"line":200,"column":57}}},"27":{"name":"retry","decl":{"start":{"line":203,"column":22},"end":{"line":203,"column":27}},"loc":{"start":{"line":206,"column":22},"end":{"line":215,"column":1}}}},"branchMap":{"0":{"loc":{"start":{"line":7,"column":48},"end":{"line":7,"column":82}},"type":"default-arg","locations":[{"start":{"line":7,"column":68},"end":{"line":7,"column":82}}]},"1":{"loc":{"start":{"line":8,"column":18},"end":{"line":8,"column":66}},"type":"cond-expr","locations":[{"start":{"line":8,"column":45},"end":{"line":8,"column":59}},{"start":{"line":8,"column":62},"end":{"line":8,"column":66}}]},"2":{"loc":{"start":{"line":17,"column":18},"end":{"line":17,"column":66}},"type":"cond-expr","locations":[{"start":{"line":17,"column":45},"end":{"line":17,"column":59}},{"start":{"line":17,"column":62},"end":{"line":17,"column":66}}]},"3":{"loc":{"start":{"line":36,"column":47},"end":{"line":36,"column":71}},"type":"default-arg","locations":[{"start":{"line":36,"column":66},"end":{"line":36,"column":71}}]},"4":{"loc":{"start":{"line":37,"column":17},"end":{"line":37,"column":74}},"type":"cond-expr","locations":[{"start":{"line":37,"column":38},"end":{"line":37,"column":41}},{"start":{"line":37,"column":44},"end":{"line":37,"column":74}}]},"5":{"loc":{"start":{"line":37,"column":44},"end":{"line":37,"column":74}},"type":"cond-expr","locations":[{"start":{"line":37,"column":65},"end":{"line":37,"column":68}},{"start":{"line":37,"column":71},"end":{"line":37,"column":74}}]},"6":{"loc":{"start":{"line":42,"column":9},"end":{"line":42,"column":37}},"type":"binary-expr","locations":[{"start":{"line":42,"column":9},"end":{"line":42,"column":32}},{"start":{"line":42,"column":36},"end":{"line":42,"column":37}}]},"7":{"loc":{"start":{"line":62,"column":2},"end":{"line":73,"column":3}},"type":"if","locations":[{"start":{"line":62,"column":2},"end":{"line":73,"column":3}},{"start":{},"end":{}}]},"8":{"loc":{"start":{"line":64,"column":4},"end":{"line":66,"column":5}},"type":"if","locations":[{"start":{"line":64,"column":4},"end":{"line":66,"column":5}},{"start":{},"end":{}}]},"9":{"loc":{"start":{"line":70,"column":4},"end":{"line":72,"column":5}},"type":"if","locations":[{"start":{"line":70,"column":4},"end":{"line":72,"column":5}},{"start":{},"end":{}}]},"10":{"loc":{"start":{"line":93,"column":2},"end":{"line":95,"column":3}},"type":"if","locations":[{"start":{"line":93,"column":2},"end":{"line":95,"column":3}},{"start":{},"end":{}}]},"11":{"loc":{"start":{"line":114,"column":36},"end":{"line":114,"column":55}},"type":"default-arg","locations":[{"start":{"line":114,"column":53},"end":{"line":114,"column":55}}]},"12":{"loc":{"start":{"line":141,"column":2},"end":{"line":141,"column":44}},"type":"if","locations":[{"start":{"line":141,"column":2},"end":{"line":141,"column":44}},{"start":{},"end":{}}]},"13":{"loc":{"start":{"line":179,"column":4},"end":{"line":181,"column":5}},"type":"if","locations":[{"start":{"line":179,"column":4},"end":{"line":181,"column":5}},{"start":{},"end":{}}]},"14":{"loc":{"start":{"line":205,"column":2},"end":{"line":205,"column":21}},"type":"default-arg","locations":[{"start":{"line":205,"column":20},"end":{"line":205,"column":21}}]},"15":{"loc":{"start":{"line":206,"column":2},"end":{"line":206,"column":22}},"type":"default-arg","locations":[{"start":{"line":206,"column":18},"end":{"line":206,"column":22}}]},"16":{"loc":{"start":{"line":211,"column":4},"end":{"line":211,"column":35}},"type":"if","locations":[{"start":{"line":211,"column":4},"end":{"line":211,"column":35}},{"start":{},"end":{}}]}},"s":{"0":1,"1":1,"2":1,"3":1,"4":1,"5":1,"6":1,"7":1,"8":1,"9":1,"10":1,"11":1,"12":1,"13":1,"14":1,"15":1,"16":1,"17":1,"18":1,"19":1,"20":1,"21":1,"22":1,"23":1,"24":1,"25":1,"26":1,"27":0,"28":0,"29":0,"30":0,"31":0,"32":0,"33":0,"34":0,"35":0,"36":0,"37":0,"38":0,"39":0,"40":0,"41":0,"42":0,"43":0,"44":0,"45":1,"46":1,"47":1,"48":15,"49":1,"50":1,"51":0,"52":1,"53":1,"54":0,"55":15,"56":8,"57":8,"58":8,"59":8,"60":8,"61":9,"62":9,"63":2,"64":7,"65":7,"66":7,"67":6,"68":6,"69":6,"70":4,"71":3,"72":0,"73":0,"74":0,"75":0,"76":0,"77":0,"78":0,"79":0,"80":0,"81":0,"82":0,"83":0,"84":0,"85":0,"86":0,"87":0,"88":0,"89":0,"90":0,"91":0,"92":0,"93":0,"94":0,"95":0,"96":0,"97":0,"98":0,"99":0,"100":0,"101":0,"102":0,"103":0,"104":0},"f":{"0":0,"1":0,"2":0,"3":0,"4":0,"5":0,"6":0,"7":0,"8":15,"9":8,"10":9,"11":4,"12":3,"13":0,"14":0,"15":0,"16":0,"17":0,"18":0,"19":0,"20":0,"21":0,"22":0,"23":0,"24":0,"25":0,"26":0,"27":0},"b":{"0":[0],"1":[0,0],"2":[0,0],"3":[0],"4":[0,0],"5":[0,0],"6":[0,0],"7":[1,14],"8":[0,1],"9":[0,1],"10":[2,7],"11":[3],"12":[0,0],"13":[0,0],"14":[0],"15":[0],"16":[0,0]}}
,"D:\\RelaySoftware\\relay\\utils\\logger.ts": {"path":"D:\\RelaySoftware\\relay\\utils\\logger.ts","statementMap":{"0":{"start":{"line":47,"column":0},"end":{"line":47,"column":16}},"1":{"start":{"line":51,"column":0},"end":{"line":51,"column":16}},"2":{"start":{"line":65,"column":0},"end":{"line":65,"column":16}},"3":{"start":{"line":69,"column":0},"end":{"line":69,"column":16}},"4":{"start":{"line":74,"column":0},"end":{"line":74,"column":16}},"5":{"start":{"line":79,"column":0},"end":{"line":79,"column":16}},"6":{"start":{"line":93,"column":0},"end":{"line":93,"column":16}},"7":{"start":{"line":106,"column":0},"end":{"line":106,"column":16}},"8":{"start":{"line":4,"column":18},"end":{"line":4,"column":49}},"9":{"start":{"line":5,"column":15},"end":{"line":5,"column":55}},"10":{"start":{"line":8,"column":2},"end":{"line":8,"column":67}},"11":{"start":{"line":11,"column":13},"end":{"line":44,"column":2}},"12":{"start":{"line":13,"column":4},"end":{"line":13,"column":35}},"13":{"start":{"line":13,"column":28},"end":{"line":13,"column":35}},"14":{"start":{"line":14,"column":4},"end":{"line":18,"column":5}},"15":{"start":{"line":15,"column":6},"end":{"line":15,"column":45}},"16":{"start":{"line":17,"column":6},"end":{"line":17,"column":39}},"17":{"start":{"line":21,"column":4},"end":{"line":21,"column":36}},"18":{"start":{"line":21,"column":29},"end":{"line":21,"column":36}},"19":{"start":{"line":22,"column":4},"end":{"line":26,"column":5}},"20":{"start":{"line":23,"column":6},"end":{"line":23,"column":48}},"21":{"start":{"line":25,"column":6},"end":{"line":25,"column":42}},"22":{"start":{"line":29,"column":4},"end":{"line":29,"column":35}},"23":{"start":{"line":29,"column":28},"end":{"line":29,"column":35}},"24":{"start":{"line":30,"column":4},"end":{"line":34,"column":5}},"25":{"start":{"line":31,"column":6},"end":{"line":31,"column":46}},"26":{"start":{"line":33,"column":6},"end":{"line":33,"column":40}},"27":{"start":{"line":37,"column":4},"end":{"line":37,"column":36}},"28":{"start":{"line":37,"column":29},"end":{"line":37,"column":36}},"29":{"start":{"line":38,"column":4},"end":{"line":42,"column":5}},"30":{"start":{"line":39,"column":6},"end":{"line":39,"column":46}},"31":{"start":{"line":41,"column":6},"end":{"line":41,"column":40}},"32":{"start":{"line":48,"column":2},"end":{"line":48,"column":29}},"33":{"start":{"line":52,"column":2},"end":{"line":62,"column":4}},"34":{"start":{"line":66,"column":2},"end":{"line":66,"column":29}},"35":{"start":{"line":70,"column":2},"end":{"line":70,"column":30}},"36":{"start":{"line":75,"column":2},"end":{"line":75,"column":55}},"37":{"start":{"line":86,"column":2},"end":{"line":89,"column":4}},"38":{"start":{"line":99,"column":2},"end":{"line":102,"column":4}},"39":{"start":{"line":112,"column":2},"end":{"line":122,"column":3}},"40":{"start":{"line":113,"column":4},"end":{"line":116,"column":6}},"41":{"start":{"line":118,"column":4},"end":{"line":121,"column":6}}},"fnMap":{"0":{"name":"shouldLog","decl":{"start":{"line":7,"column":9},"end":{"line":7,"column":18}},"loc":{"start":{"line":7,"column":45},"end":{"line":9,"column":1}}},"1":{"name":"(anonymous_1)","decl":{"start":{"line":12,"column":8},"end":{"line":12,"column":9}},"loc":{"start":{"line":12,"column":43},"end":{"line":19,"column":3}}},"2":{"name":"(anonymous_2)","decl":{"start":{"line":20,"column":9},"end":{"line":20,"column":10}},"loc":{"start":{"line":20,"column":44},"end":{"line":27,"column":3}}},"3":{"name":"(anonymous_3)","decl":{"start":{"line":28,"column":8},"end":{"line":28,"column":9}},"loc":{"start":{"line":28,"column":43},"end":{"line":35,"column":3}}},"4":{"name":"(anonymous_4)","decl":{"start":{"line":36,"column":9},"end":{"line":36,"column":10}},"loc":{"start":{"line":36,"column":44},"end":{"line":43,"column":3}}},"5":{"name":"logInfo","decl":{"start":{"line":47,"column":16},"end":{"line":47,"column":23}},"loc":{"start":{"line":47,"column":54},"end":{"line":49,"column":1}}},"6":{"name":"logError","decl":{"start":{"line":51,"column":16},"end":{"line":51,"column":24}},"loc":{"start":{"line":51,"column":80},"end":{"line":63,"column":1}}},"7":{"name":"logWarn","decl":{"start":{"line":65,"column":16},"end":{"line":65,"column":23}},"loc":{"start":{"line":65,"column":54},"end":{"line":67,"column":1}}},"8":{"name":"logDebug","decl":{"start":{"line":69,"column":16},"end":{"line":69,"column":24}},"loc":{"start":{"line":69,"column":55},"end":{"line":71,"column":1}}},"9":{"name":"logApiRequest","decl":{"start":{"line":74,"column":16},"end":{"line":74,"column":29}},"loc":{"start":{"line":74,"column":75},"end":{"line":76,"column":1}}},"10":{"name":"logApiResponse","decl":{"start":{"line":79,"column":16},"end":{"line":79,"column":30}},"loc":{"start":{"line":84,"column":17},"end":{"line":90,"column":1}}},"11":{"name":"logDbOperation","decl":{"start":{"line":93,"column":16},"end":{"line":93,"column":30}},"loc":{"start":{"line":97,"column":19},"end":{"line":103,"column":1}}},"12":{"name":"logExternalApiCall","decl":{"start":{"line":106,"column":16},"end":{"line":106,"column":34}},"loc":{"start":{"line":110,"column":15},"end":{"line":123,"column":1}}}},"branchMap":{"0":{"loc":{"start":{"line":4,"column":18},"end":{"line":4,"column":49}},"type":"binary-expr","locations":[{"start":{"line":4,"column":18},"end":{"line":4,"column":39}},{"start":{"line":4,"column":43},"end":{"line":4,"column":49}}]},"1":{"loc":{"start":{"line":13,"column":4},"end":{"line":13,"column":35}},"type":"if","locations":[{"start":{"line":13,"column":4},"end":{"line":13,"column":35}},{"start":{},"end":{}}]},"2":{"loc":{"start":{"line":14,"column":4},"end":{"line":18,"column":5}},"type":"if","locations":[{"start":{"line":14,"column":4},"end":{"line":18,"column":5}},{"start":{"line":16,"column":11},"end":{"line":18,"column":5}}]},"3":{"loc":{"start":{"line":14,"column":8},"end":{"line":14,"column":44}},"type":"binary-expr","locations":[{"start":{"line":14,"column":8},"end":{"line":14,"column":12}},{"start":{"line":14,"column":16},"end":{"line":14,"column":44}}]},"4":{"loc":{"start":{"line":21,"column":4},"end":{"line":21,"column":36}},"type":"if","locations":[{"start":{"line":21,"column":4},"end":{"line":21,"column":36}},{"start":{},"end":{}}]},"5":{"loc":{"start":{"line":22,"column":4},"end":{"line":26,"column":5}},"type":"if","locations":[{"start":{"line":22,"column":4},"end":{"line":26,"column":5}},{"start":{"line":24,"column":11},"end":{"line":26,"column":5}}]},"6":{"loc":{"start":{"line":22,"column":8},"end":{"line":22,"column":44}},"type":"binary-expr","locations":[{"start":{"line":22,"column":8},"end":{"line":22,"column":12}},{"start":{"line":22,"column":16},"end":{"line":22,"column":44}}]},"7":{"loc":{"start":{"line":29,"column":4},"end":{"line":29,"column":35}},"type":"if","locations":[{"start":{"line":29,"column":4},"end":{"line":29,"column":35}},{"start":{},"end":{}}]},"8":{"loc":{"start":{"line":30,"column":4},"end":{"line":34,"column":5}},"type":"if","locations":[{"start":{"line":30,"column":4},"end":{"line":34,"column":5}},{"start":{"line":32,"column":11},"end":{"line":34,"column":5}}]},"9":{"loc":{"start":{"line":30,"column":8},"end":{"line":30,"column":44}},"type":"binary-expr","locations":[{"start":{"line":30,"column":8},"end":{"line":30,"column":12}},{"start":{"line":30,"column":16},"end":{"line":30,"column":44}}]},"10":{"loc":{"start":{"line":37,"column":4},"end":{"line":37,"column":36}},"type":"if","locations":[{"start":{"line":37,"column":4},"end":{"line":37,"column":36}},{"start":{},"end":{}}]},"11":{"loc":{"start":{"line":38,"column":4},"end":{"line":42,"column":5}},"type":"if","locations":[{"start":{"line":38,"column":4},"end":{"line":42,"column":5}},{"start":{"line":40,"column":11},"end":{"line":42,"column":5}}]},"12":{"loc":{"start":{"line":38,"column":8},"end":{"line":38,"column":44}},"type":"binary-expr","locations":[{"start":{"line":38,"column":8},"end":{"line":38,"column":12}},{"start":{"line":38,"column":16},"end":{"line":38,"column":44}}]},"13":{"loc":{"start":{"line":56,"column":13},"end":{"line":60,"column":15}},"type":"cond-expr","locations":[{"start":{"line":56,"column":38},"end":{"line":60,"column":8}},{"start":{"line":60,"column":10},"end":{"line":60,"column":15}}]},"14":{"loc":{"start":{"line":112,"column":2},"end":{"line":122,"column":3}},"type":"if","locations":[{"start":{"line":112,"column":2},"end":{"line":122,"column":3}},{"start":{"line":117,"column":9},"end":{"line":122,"column":3}}]}},"s":{"0":1,"1":1,"2":1,"3":1,"4":1,"5":1,"6":1,"7":1,"8":1,"9":1,"10":1,"11":1,"12":0,"13":0,"14":0,"15":0,"16":0,"17":1,"18":0,"19":1,"20":1,"21":0,"22":0,"23":0,"24":0,"25":0,"26":0,"27":0,"28":0,"29":0,"30":0,"31":0,"32":0,"33":1,"34":0,"35":0,"36":0,"37":0,"38":0,"39":0,"40":0,"41":0},"f":{"0":1,"1":0,"2":1,"3":0,"4":0,"5":0,"6":1,"7":0,"8":0,"9":0,"10":0,"11":0,"12":0},"b":{"0":[1,1],"1":[0,0],"2":[0,0],"3":[0,0],"4":[0,1],"5":[1,0],"6":[1,1],"7":[0,0],"8":[0,0],"9":[0,0],"10":[0,0],"11":[0,0],"12":[0,0],"13":[1,0],"14":[0,0]}}
}
